{"meta": {"format": 3, "version": "7.13.4", "timestamp": "2026-02-13T16:54:08.510793", "branch_coverage": false, "show_contexts": false}, "files": {"app/__init__.py": {"executed_lines": [], "summary": {"covered_lines": 0, "num_statements": 0, "percent_covered": 100.0, "percent_covered_display": "100", "missing_lines": 0, "excluded_lines": 0, "percent_statements_covered": 100.0, "percent_statements_covered_display": "100"}, "missing_lines": [], "excluded_lines": [], "functions": {"": {"executed_lines": [], "summary": {"covered_lines": 0, "num_statements": 0, "percent_covered": 100.0, "percent_covered_display": "100", "missing_lines": 0, "excluded_lines": 0, "percent_statements_covered": 100.0, "percent_statements_covered_display": "100"}, "missing_lines": [], "excluded_lines": [], "start_line": 1}}, "classes": {"": {"executed_lines": [], "summary": {"covered_lines": 0, "num_statements": 0, "percent_covered": 100.0, "percent_covered_display": "100", "missing_lines": 0, "excluded_lines": 0, "percent_statements_covered": 100.0, "percent_statements_covered_display": "100"}, "missing_lines": [], "excluded_lines": [], "start_line": 1}}}, "app/builtin_keywords.py": {"executed_lines": [3], "summary": {"covered_lines": 1, "num_statements": 1, "percent_covered": 100.0, "percent_covered_display": "100", "missing_lines": 0, "excluded_lines": 0, "percent_statements_covered": 100.0, "percent_statements_covered_display": "100"}, "missing_lines": [], "excluded_lines": [], "functions": {"": {"executed_lines": [3], "summary": {"covered_lines": 1, "num_statements": 1, "percent_covered": 100.0, "percent_covered_display": "100", "missing_lines": 0, "excluded_lines": 0, "percent_statements_covered": 100.0, "percent_statements_covered_display": "100"}, "missing_lines": [], "excluded_lines": [], "start_line": 1}}, "classes": {"": {"executed_lines": [3], "summary": {"covered_lines": 1, "num_statements": 1, "percent_covered": 100.0, "percent_covered_display": "100", "missing_lines": 0, "excluded_lines": 0, "percent_statements_covered": 100.0, "percent_statements_covered_display": "100"}, "missing_lines": [], "excluded_lines": [], "start_line": 1}}}, "app/config.py": {"executed_lines": [4, 7, 11, 12, 13, 14, 17, 20, 21, 22, 23, 26, 29, 30, 31, 32, 33, 36, 42, 43, 46, 47, 50, 52, 58, 60, 66], "summary": {"covered_lines": 27, "num_statements": 28, "percent_covered": 96.42857142857143, "percent_covered_display": "96", "missing_lines": 1, "excluded_lines": 0, "percent_statements_covered": 96.42857142857143, "percent_statements_covered_display": "96"}, "missing_lines": [61], "excluded_lines": [], "functions": {"Settings.model_post_init": {"executed_lines": [60], "summary": {"covered_lines": 1, "num_statements": 2, "percent_covered": 50.0, "percent_covered_display": "50", "missing_lines": 1, "excluded_lines": 0, "percent_statements_covered": 50.0, "percent_statements_covered_display": "50"}, "missing_lines": [61], "excluded_lines": [], "start_line": 58}, "": {"executed_lines": [4, 7, 11, 12, 13, 14, 17, 20, 21, 22, 23, 26, 29, 30, 31, 32, 33, 36, 42, 43, 46, 47, 50, 52, 58, 66], "summary": {"covered_lines": 26, "num_statements": 26, "percent_covered": 100.0, "percent_covered_display": "100", "missing_lines": 0, "excluded_lines": 0, "percent_statements_covered": 100.0, "percent_statements_covered_display": "100"}, "missing_lines": [], "excluded_lines": [], "start_line": 1}}, "classes": {"Settings": {"executed_lines": [60], "summary": {"covered_lines": 1, "num_statements": 2, "percent_covered": 50.0, "percent_covered_display": "50", "missing_lines": 1, "excluded_lines": 0, "percent_statements_covered": 50.0, "percent_statements_covered_display": "50"}, "missing_lines": [61], "excluded_lines": [], "start_line": 7}, "": {"executed_lines": [4, 7, 11, 12, 13, 14, 17, 20, 21, 22, 23, 26, 29, 30, 31, 32, 33, 36, 42, 43, 46, 47, 50, 52, 58, 66], "summary": {"covered_lines": 26, "num_statements": 26, "percent_covered": 100.0, "percent_covered_display": "100", "missing_lines": 0, "excluded_lines": 0, "percent_statements_covered": 100.0, "percent_statements_covered_display": "100"}, "missing_lines": [], "excluded_lines": [], "start_line": 1}}}, "app/database.py": {"executed_lines": [3, 5, 10, 12, 15, 18, 22, 31, 38, 54], "summary": {"covered_lines": 10, "num_statements": 21, "percent_covered": 47.61904761904762, "percent_covered_display": "48", "missing_lines": 11, "excluded_lines": 0, "percent_statements_covered": 47.61904761904762, "percent_statements_covered_display": "48"}, "missing_lines": [47, 49, 51, 61, 62, 63, 64, 65, 66, 67, 69], "excluded_lines": [], "functions": {"init_db": {"executed_lines": [], "summary": {"covered_lines": 0, "num_statements": 3, "percent_covered": 0.0, "percent_covered_display": "0", "missing_lines": 3, "excluded_lines": 0, "percent_statements_covered": 0.0, "percent_statements_covered_display": "0"}, "missing_lines": [47, 49, 51], "excluded_lines": [], "start_line": 38}, "get_db": {"executed_lines": [], "summary": {"covered_lines": 0, "num_statements": 8, "percent_covered": 0.0, "percent_covered_display": "0", "missing_lines": 8, "excluded_lines": 0, "percent_statements_covered": 0.0, "percent_statements_covered_display": "0"}, "missing_lines": [61, 62, 63, 64, 65, 66, 67, 69], "excluded_lines": [], "start_line": 54}, "": {"executed_lines": [3, 5, 10, 12, 15, 18, 22, 31, 38, 54], "summary": {"covered_lines": 10, "num_statements": 10, "percent_covered": 100.0, "percent_covered_display": "100", "missing_lines": 0, "excluded_lines": 0, "percent_statements_covered": 100.0, "percent_statements_covered_display": "100"}, "missing_lines": [], "excluded_lines": [], "start_line": 1}}, "classes": {"Base": {"executed_lines": [], "summary": {"covered_lines": 0, "num_statements": 0, "percent_covered": 100.0, "percent_covered_display": "100", "missing_lines": 0, "excluded_lines": 0, "percent_statements_covered": 100.0, "percent_statements_covered_display": "100"}, "missing_lines": [], "excluded_lines": [], "start_line": 15}, "": {"executed_lines": [3, 5, 10, 12, 15, 18, 22, 31, 38, 54], "summary": {"covered_lines": 10, "num_statements": 21, "percent_covered": 47.61904761904762, "percent_covered_display": "48", "missing_lines": 11, "excluded_lines": 0, "percent_statements_covered": 47.61904761904762, "percent_statements_covered_display": "48"}, "missing_lines": [47, 49, 51, 61, 62, 63, 64, 65, 66, 67, 69], "excluded_lines": [], "start_line": 1}}}, "app/init_builtin.py": {"executed_lines": [3, 4, 6, 7, 10, 22, 24, 26, 32, 34, 36, 37, 38, 39, 42, 51, 53, 55, 56], "summary": {"covered_lines": 19, "num_statements": 19, "percent_covered": 100.0, "percent_covered_display": "100", "missing_lines": 0, "excluded_lines": 0, "percent_statements_covered": 100.0, "percent_statements_covered_display": "100"}, "missing_lines": [], "excluded_lines": [], "functions": {"init_builtin_keywords": {"executed_lines": [22, 24, 26, 32, 34, 36, 37, 38, 39, 42, 51, 53, 55, 56], "summary": {"covered_lines": 14, "num_statements": 14, "percent_covered": 100.0, "percent_covered_display": "100", "missing_lines": 0, "excluded_lines": 0, "percent_statements_covered": 100.0, "percent_statements_covered_display": "100"}, "missing_lines": [], "excluded_lines": [], "start_line": 10}, "": {"executed_lines": [3, 4, 6, 7, 10], "summary": {"covered_lines": 5, "num_statements": 5, "percent_covered": 100.0, "percent_covered_display": "100", "missing_lines": 0, "excluded_lines": 0, "percent_statements_covered": 100.0, "percent_statements_covered_display": "100"}, "missing_lines": [], "excluded_lines": [], "start_line": 1}}, "classes": {"": {"executed_lines": [3, 4, 6, 7, 10, 22, 24, 26, 32, 34, 36, 37, 38, 39, 42, 51, 53, 55, 56], "summary": {"covered_lines": 19, "num_statements": 19, "percent_covered": 100.0, "percent_covered_display": "100", "missing_lines": 0, "excluded_lines": 0, "percent_statements_covered": 100.0, "percent_statements_covered_display": "100"}, "missing_lines": [], "excluded_lines": [], "start_line": 1}}}, "app/main.py": {"executed_lines": [3, 5, 6, 7, 9, 10, 11, 12, 26, 27, 30, 31, 67, 75, 84, 85, 86, 87, 88, 89, 90, 91, 92, 93, 94, 95, 98, 99, 101, 108, 109, 111], "summary": {"covered_lines": 32, "num_statements": 49, "percent_covered": 65.3061224489796, "percent_covered_display": "65", "missing_lines": 17, "excluded_lines": 0, "percent_statements_covered": 65.3061224489796, "percent_statements_covered_display": "65"}, "missing_lines": [38, 39, 42, 43, 44, 45, 48, 49, 50, 51, 52, 55, 56, 58, 60, 62, 63], "excluded_lines": [], "functions": {"lifespan": {"executed_lines": [], "summary": {"covered_lines": 0, "num_statements": 16, "percent_covered": 0.0, "percent_covered_display": "0", "missing_lines": 16, "excluded_lines": 0, "percent_statements_covered": 0.0, "percent_statements_covered_display": "0"}, "missing_lines": [38, 39, 42, 43, 44, 45, 48, 49, 50, 51, 52, 55, 58, 60, 62, 63], "excluded_lines": [], "start_line": 31}, "lifespan.async_session_maker": {"executed_lines": [], "summary": {"covered_lines": 0, "num_statements": 1, "percent_covered": 0.0, "percent_covered_display": "0", "missing_lines": 1, "excluded_lines": 0, "percent_statements_covered": 0.0, "percent_statements_covered_display": "0"}, "missing_lines": [56], "excluded_lines": [], "start_line": 55}, "root": {"executed_lines": [101], "summary": {"covered_lines": 1, "num_statements": 1, "percent_covered": 100.0, "percent_covered_display": "100", "missing_lines": 0, "excluded_lines": 0, "percent_statements_covered": 100.0, "percent_statements_covered_display": "100"}, "missing_lines": [], "excluded_lines": [], "start_line": 99}, "health_check": {"executed_lines": [111], "summary": {"covered_lines": 1, "num_statements": 1, "percent_covered": 100.0, "percent_covered_display": "100", "missing_lines": 0, "excluded_lines": 0, "percent_statements_covered": 100.0, "percent_statements_covered_display": "100"}, "missing_lines": [], "excluded_lines": [], "start_line": 109}, "": {"executed_lines": [3, 5, 6, 7, 9, 10, 11, 12, 26, 27, 30, 31, 67, 75, 84, 85, 86, 87, 88, 89, 90, 91, 92, 93, 94, 95, 98, 99, 108, 109], "summary": {"covered_lines": 30, "num_statements": 30, "percent_covered": 100.0, "percent_covered_display": "100", "missing_lines": 0, "excluded_lines": 0, "percent_statements_covered": 100.0, "percent_statements_covered_display": "100"}, "missing_lines": [], "excluded_lines": [], "start_line": 1}}, "classes": {"": {"executed_lines": [3, 5, 6, 7, 9, 10, 11, 12, 26, 27, 30, 31, 67, 75, 84, 85, 86, 87, 88, 89, 90, 91, 92, 93, 94, 95, 98, 99, 101, 108, 109, 111], "summary": {"covered_lines": 32, "num_statements": 49, "percent_covered": 65.3061224489796, "percent_covered_display": "65", "missing_lines": 17, "excluded_lines": 0, "percent_statements_covered": 65.3061224489796, "percent_statements_covered_display": "65"}, "missing_lines": [38, 39, 42, 43, 44, 45, 48, 49, 50, 51, 52, 55, 56, 58, 60, 62, 63], "excluded_lines": [], "start_line": 1}}}, "app/middleware/__init__.py": {"executed_lines": [], "summary": {"covered_lines": 0, "num_statements": 0, "percent_covered": 100.0, "percent_covered_display": "100", "missing_lines": 0, "excluded_lines": 0, "percent_statements_covered": 100.0, "percent_statements_covered_display": "100"}, "missing_lines": [], "excluded_lines": [], "functions": {"": {"executed_lines": [], "summary": {"covered_lines": 0, "num_statements": 0, "percent_covered": 100.0, "percent_covered_display": "100", "missing_lines": 0, "excluded_lines": 0, "percent_statements_covered": 100.0, "percent_statements_covered_display": "100"}, "missing_lines": [], "excluded_lines": [], "start_line": 1}}, "classes": {"": {"executed_lines": [], "summary": {"covered_lines": 0, "num_statements": 0, "percent_covered": 100.0, "percent_covered_display": "100", "missing_lines": 0, "excluded_lines": 0, "percent_statements_covered": 100.0, "percent_statements_covered_display": "100"}, "missing_lines": [], "excluded_lines": [], "start_line": 1}}}, "app/middleware/auth.py": {"executed_lines": [3, 4, 6, 7, 8, 9, 10, 12, 13, 14, 15, 18, 23, 29, 39, 40, 41, 46, 47, 48, 51, 60, 61, 62, 63, 64, 67, 76, 77, 79, 80, 83, 103, 106, 113, 154, 201], "summary": {"covered_lines": 37, "num_statements": 91, "percent_covered": 40.65934065934066, "percent_covered_display": "41", "missing_lines": 54, "excluded_lines": 0, "percent_statements_covered": 40.65934065934066, "percent_statements_covered_display": "41"}, "missing_lines": [43, 78, 116, 117, 123, 130, 131, 132, 135, 136, 137, 140, 141, 143, 144, 146, 147, 151, 170, 171, 178, 181, 182, 185, 186, 187, 188, 190, 191, 192, 194, 195, 196, 197, 198, 212, 213, 215, 216, 218, 220, 223, 225, 228, 230, 233, 234, 236, 237, 240, 241, 242, 243, 245], "excluded_lines": [], "functions": {"create_access_token": {"executed_lines": [39, 40, 41, 46, 47, 48], "summary": {"covered_lines": 6, "num_statements": 7, "percent_covered": 85.71428571428571, "percent_covered_display": "86", "missing_lines": 1, "excluded_lines": 0, "percent_statements_covered": 85.71428571428571, "percent_statements_covered_display": "86"}, "missing_lines": [43], "excluded_lines": [], "start_line": 29}, "create_refresh_token": {"executed_lines": [60, 61, 62, 63, 64], "summary": {"covered_lines": 5, "num_statements": 5, "percent_covered": 100.0, "percent_covered_display": "100", "missing_lines": 0, "excluded_lines": 0, "percent_statements_covered": 100.0, "percent_statements_covered_display": "100"}, "missing_lines": [], "excluded_lines": [], "start_line": 51}, "decode_token": {"executed_lines": [76, 77, 79, 80], "summary": {"covered_lines": 4, "num_statements": 5, "percent_covered": 80.0, "percent_covered_display": "80", "missing_lines": 1, "excluded_lines": 0, "percent_statements_covered": 80.0, "percent_statements_covered_display": "80"}, "missing_lines": [78], "excluded_lines": [], "start_line": 67}, "get_current_user": {"executed_lines": [103, 106, 113], "summary": {"covered_lines": 3, "num_statements": 19, "percent_covered": 15.789473684210526, "percent_covered_display": "16", "missing_lines": 16, "excluded_lines": 0, "percent_statements_covered": 15.789473684210526, "percent_statements_covered_display": "16"}, "missing_lines": [116, 117, 123, 130, 131, 132, 135, 136, 137, 140, 141, 143, 144, 146, 147, 151], "excluded_lines": [], "start_line": 83}, "get_current_user_optional": {"executed_lines": [], "summary": {"covered_lines": 0, "num_statements": 17, "percent_covered": 0.0, "percent_covered_display": "0", "missing_lines": 17, "excluded_lines": 0, "percent_statements_covered": 0.0, "percent_statements_covered_display": "0"}, "missing_lines": [170, 171, 178, 181, 182, 185, 186, 187, 188, 190, 191, 192, 194, 195, 196, 197, 198], "excluded_lines": [], "start_line": 154}, "authenticate_user": {"executed_lines": [], "summary": {"covered_lines": 0, "num_statements": 19, "percent_covered": 0.0, "percent_covered_display": "0", "missing_lines": 19, "excluded_lines": 0, "percent_statements_covered": 0.0, "percent_statements_covered_display": "0"}, "missing_lines": [212, 213, 215, 216, 218, 220, 223, 225, 228, 230, 233, 234, 236, 237, 240, 241, 242, 243, 245], "excluded_lines": [], "start_line": 201}, "": {"executed_lines": [3, 4, 6, 7, 8, 9, 10, 12, 13, 14, 15, 18, 23, 29, 51, 67, 83, 154, 201], "summary": {"covered_lines": 19, "num_statements": 19, "percent_covered": 100.0, "percent_covered_display": "100", "missing_lines": 0, "excluded_lines": 0, "percent_statements_covered": 100.0, "percent_statements_covered_display": "100"}, "missing_lines": [], "excluded_lines": [], "start_line": 1}}, "classes": {"": {"executed_lines": [3, 4, 6, 7, 8, 9, 10, 12, 13, 14, 15, 18, 23, 29, 39, 40, 41, 46, 47, 48, 51, 60, 61, 62, 63, 64, 67, 76, 77, 79, 80, 83, 103, 106, 113, 154, 201], "summary": {"covered_lines": 37, "num_statements": 91, "percent_covered": 40.65934065934066, "percent_covered_display": "41", "missing_lines": 54, "excluded_lines": 0, "percent_statements_covered": 40.65934065934066, "percent_statements_covered_display": "41"}, "missing_lines": [43, 78, 116, 117, 123, 130, 131, 132, 135, 136, 137, 140, 141, 143, 144, 146, 147, 151, 170, 171, 178, 181, 182, 185, 186, 187, 188, 190, 191, 192, 194, 195, 196, 197, 198, 212, 213, 215, 216, 218, 220, 223, 225, 228, 230, 233, 234, 236, 237, 240, 241, 242, 243, 245], "excluded_lines": [], "start_line": 1}}}, "app/migrations/__init__.py": {"executed_lines": [], "summary": {"covered_lines": 0, "num_statements": 0, "percent_covered": 100.0, "percent_covered_display": "100", "missing_lines": 0, "excluded_lines": 0, "percent_statements_covered": 100.0, "percent_statements_covered_display": "100"}, "missing_lines": [], "excluded_lines": [], "functions": {"": {"executed_lines": [], "summary": {"covered_lines": 0, "num_statements": 0, "percent_covered": 100.0, "percent_covered_display": "100", "missing_lines": 0, "excluded_lines": 0, "percent_statements_covered": 100.0, "percent_statements_covered_display": "100"}, "missing_lines": [], "excluded_lines": [], "start_line": 1}}, "classes": {"": {"executed_lines": [], "summary": {"covered_lines": 0, "num_statements": 0, "percent_covered": 100.0, "percent_covered_display": "100", "missing_lines": 0, "excluded_lines": 0, "percent_statements_covered": 100.0, "percent_statements_covered_display": "100"}, "missing_lines": [], "excluded_lines": [], "start_line": 1}}}, "app/migrations/add_user_login_security_fields.py": {"executed_lines": [], "summary": {"covered_lines": 0, "num_statements": 18, "percent_covered": 0.0, "percent_covered_display": "0", "missing_lines": 18, "excluded_lines": 0, "percent_statements_covered": 0.0, "percent_statements_covered_display": "0"}, "missing_lines": [10, 11, 12, 15, 17, 19, 29, 38, 41, 43, 45, 55, 64, 67, 68, 70, 71, 73], "excluded_lines": [], "functions": {"upgrade": {"executed_lines": [], "summary": {"covered_lines": 0, "num_statements": 4, "percent_covered": 0.0, "percent_covered_display": "0", "missing_lines": 4, "excluded_lines": 0, "percent_statements_covered": 0.0, "percent_statements_covered_display": "0"}, "missing_lines": [17, 19, 29, 38], "excluded_lines": [], "start_line": 15}, "downgrade": {"executed_lines": [], "summary": {"covered_lines": 0, "num_statements": 4, "percent_covered": 0.0, "percent_covered_display": "0", "missing_lines": 4, "excluded_lines": 0, "percent_statements_covered": 0.0, "percent_statements_covered_display": "0"}, "missing_lines": [43, 45, 55, 64], "excluded_lines": [], "start_line": 41}, "": {"executed_lines": [], "summary": {"covered_lines": 0, "num_statements": 10, "percent_covered": 0.0, "percent_covered_display": "0", "missing_lines": 10, "excluded_lines": 0, "percent_statements_covered": 0.0, "percent_statements_covered_display": "0"}, "missing_lines": [10, 11, 12, 15, 41, 67, 68, 70, 71, 73], "excluded_lines": [], "start_line": 1}}, "classes": {"": {"executed_lines": [], "summary": {"covered_lines": 0, "num_statements": 18, "percent_covered": 0.0, "percent_covered_display": "0", "missing_lines": 18, "excluded_lines": 0, "percent_statements_covered": 0.0, "percent_statements_covered_display": "0"}, "missing_lines": [10, 11, 12, 15, 17, 19, 29, 38, 41, 43, 45, 55, 64, 67, 68, 70, 71, 73], "excluded_lines": [], "start_line": 1}}}, "app/models/__init__.py": {"executed_lines": [7, 8, 9, 10, 11, 12, 13, 14, 15, 16, 17, 18, 19, 20, 21, 22, 23, 24, 25, 27], "summary": {"covered_lines": 20, "num_statements": 20, "percent_covered": 100.0, "percent_covered_display": "100", "missing_lines": 0, "excluded_lines": 0, "percent_statements_covered": 100.0, "percent_statements_covered_display": "100"}, "missing_lines": [], "excluded_lines": [], "functions": {"": {"executed_lines": [7, 8, 9, 10, 11, 12, 13, 14, 15, 16, 17, 18, 19, 20, 21, 22, 23, 24, 25, 27], "summary": {"covered_lines": 20, "num_statements": 20, "percent_covered": 100.0, "percent_covered_display": "100", "missing_lines": 0, "excluded_lines": 0, "percent_statements_covered": 100.0, "percent_statements_covered_display": "100"}, "missing_lines": [], "excluded_lines": [], "start_line": 1}}, "classes": {"": {"executed_lines": [7, 8, 9, 10, 11, 12, 13, 14, 15, 16, 17, 18, 19, 20, 21, 22, 23, 24, 25, 27], "summary": {"covered_lines": 20, "num_statements": 20, "percent_covered": 100.0, "percent_covered_display": "100", "missing_lines": 0, "excluded_lines": 0, "percent_statements_covered": 100.0, "percent_statements_covered_display": "100"}, "missing_lines": [], "excluded_lines": [], "start_line": 1}}}, "app/models/base.py": {"executed_lines": [3, 5, 6, 9, 12, 17], "summary": {"covered_lines": 6, "num_statements": 6, "percent_covered": 100.0, "percent_covered_display": "100", "missing_lines": 0, "excluded_lines": 0, "percent_statements_covered": 100.0, "percent_statements_covered_display": "100"}, "missing_lines": [], "excluded_lines": [], "functions": {"": {"executed_lines": [3, 5, 6, 9, 12, 17], "summary": {"covered_lines": 6, "num_statements": 6, "percent_covered": 100.0, "percent_covered_display": "100", "missing_lines": 0, "excluded_lines": 0, "percent_statements_covered": 100.0, "percent_statements_covered_display": "100"}, "missing_lines": [], "excluded_lines": [], "start_line": 1}}, "classes": {"TimestampMixin": {"executed_lines": [], "summary": {"covered_lines": 0, "num_statements": 0, "percent_covered": 100.0, "percent_covered_display": "100", "missing_lines": 0, "excluded_lines": 0, "percent_statements_covered": 100.0, "percent_statements_covered_display": "100"}, "missing_lines": [], "excluded_lines": [], "start_line": 9}, "": {"executed_lines": [3, 5, 6, 9, 12, 17], "summary": {"covered_lines": 6, "num_statements": 6, "percent_covered": 100.0, "percent_covered_display": "100", "missing_lines": 0, "excluded_lines": 0, "percent_statements_covered": 100.0, "percent_statements_covered_display": "100"}, "missing_lines": [], "excluded_lines": [], "start_line": 1}}}, "app/models/database_config.py": {"executed_lines": [3, 4, 6, 7, 9, 10, 13, 19, 21, 22, 25, 26, 27, 28, 29, 30, 31, 32, 33, 34, 35, 37, 39], "summary": {"covered_lines": 23, "num_statements": 24, "percent_covered": 95.83333333333333, "percent_covered_display": "96", "missing_lines": 1, "excluded_lines": 0, "percent_statements_covered": 95.83333333333333, "percent_statements_covered_display": "96"}, "missing_lines": [40], "excluded_lines": [], "functions": {"DatabaseConfig.__repr__": {"executed_lines": [], "summary": {"covered_lines": 0, "num_statements": 1, "percent_covered": 0.0, "percent_covered_display": "0", "missing_lines": 1, "excluded_lines": 0, "percent_statements_covered": 0.0, "percent_statements_covered_display": "0"}, "missing_lines": [40], "excluded_lines": [], "start_line": 39}, "": {"executed_lines": [3, 4, 6, 7, 9, 10, 13, 19, 21, 22, 25, 26, 27, 28, 29, 30, 31, 32, 33, 34, 35, 37, 39], "summary": {"covered_lines": 23, "num_statements": 23, "percent_covered": 100.0, "percent_covered_display": "100", "missing_lines": 0, "excluded_lines": 0, "percent_statements_covered": 100.0, "percent_statements_covered_display": "100"}, "missing_lines": [], "excluded_lines": [], "start_line": 1}}, "classes": {"DatabaseConfig": {"executed_lines": [], "summary": {"covered_lines": 0, "num_statements": 1, "percent_covered": 0.0, "percent_covered_display": "0", "missing_lines": 1, "excluded_lines": 0, "percent_statements_covered": 0.0, "percent_statements_covered_display": "0"}, "missing_lines": [40], "excluded_lines": [], "start_line": 13}, "": {"executed_lines": [3, 4, 6, 7, 9, 10, 13, 19, 21, 22, 25, 26, 27, 28, 29, 30, 31, 32, 33, 34, 35, 37, 39], "summary": {"covered_lines": 23, "num_statements": 23, "percent_covered": 100.0, "percent_covered_display": "100", "missing_lines": 0, "excluded_lines": 0, "percent_statements_covered": 100.0, "percent_statements_covered_display": "100"}, "missing_lines": [], "excluded_lines": [], "start_line": 1}}}, "app/models/dataset.py": {"executed_lines": [3, 5, 6, 8, 9, 12, 18, 20, 21, 24, 25, 26, 28, 30], "summary": {"covered_lines": 14, "num_statements": 15, "percent_covered": 93.33333333333333, "percent_covered_display": "93", "missing_lines": 1, "excluded_lines": 0, "percent_statements_covered": 93.33333333333333, "percent_statements_covered_display": "93"}, "missing_lines": [31], "excluded_lines": [], "functions": {"Dataset.__repr__": {"executed_lines": [], "summary": {"covered_lines": 0, "num_statements": 1, "percent_covered": 0.0, "percent_covered_display": "0", "missing_lines": 1, "excluded_lines": 0, "percent_statements_covered": 0.0, "percent_statements_covered_display": "0"}, "missing_lines": [31], "excluded_lines": [], "start_line": 30}, "": {"executed_lines": [3, 5, 6, 8, 9, 12, 18, 20, 21, 24, 25, 26, 28, 30], "summary": {"covered_lines": 14, "num_statements": 14, "percent_covered": 100.0, "percent_covered_display": "100", "missing_lines": 0, "excluded_lines": 0, "percent_statements_covered": 100.0, "percent_statements_covered_display": "100"}, "missing_lines": [], "excluded_lines": [], "start_line": 1}}, "classes": {"Dataset": {"executed_lines": [], "summary": {"covered_lines": 0, "num_statements": 1, "percent_covered": 0.0, "percent_covered_display": "0", "missing_lines": 1, "excluded_lines": 0, "percent_statements_covered": 0.0, "percent_statements_covered_display": "0"}, "missing_lines": [31], "excluded_lines": [], "start_line": 12}, "": {"executed_lines": [3, 5, 6, 8, 9, 12, 18, 20, 21, 24, 25, 26, 28, 30], "summary": {"covered_lines": 14, "num_statements": 14, "percent_covered": 100.0, "percent_covered_display": "100", "missing_lines": 0, "excluded_lines": 0, "percent_statements_covered": 100.0, "percent_statements_covered_display": "100"}, "missing_lines": [], "excluded_lines": [], "start_line": 1}}}, "app/models/env_variable.py": {"executed_lines": [3, 4, 5, 7, 8, 11, 17, 19, 20, 23, 24, 25, 26, 30, 32], "summary": {"covered_lines": 15, "num_statements": 16, "percent_covered": 93.75, "percent_covered_display": "94", "missing_lines": 1, "excluded_lines": 0, "percent_statements_covered": 93.75, "percent_statements_covered_display": "94"}, "missing_lines": [33], "excluded_lines": [], "functions": {"EnvVariable.__repr__": {"executed_lines": [], "summary": {"covered_lines": 0, "num_statements": 1, "percent_covered": 0.0, "percent_covered_display": "0", "missing_lines": 1, "excluded_lines": 0, "percent_statements_covered": 0.0, "percent_statements_covered_display": "0"}, "missing_lines": [33], "excluded_lines": [], "start_line": 32}, "": {"executed_lines": [3, 4, 5, 7, 8, 11, 17, 19, 20, 23, 24, 25, 26, 30, 32], "summary": {"covered_lines": 15, "num_statements": 15, "percent_covered": 100.0, "percent_covered_display": "100", "missing_lines": 0, "excluded_lines": 0, "percent_statements_covered": 100.0, "percent_statements_covered_display": "100"}, "missing_lines": [], "excluded_lines": [], "start_line": 1}}, "classes": {"EnvVariable": {"executed_lines": [], "summary": {"covered_lines": 0, "num_statements": 1, "percent_covered": 0.0, "percent_covered_display": "0", "missing_lines": 1, "excluded_lines": 0, "percent_statements_covered": 0.0, "percent_statements_covered_display": "0"}, "missing_lines": [33], "excluded_lines": [], "start_line": 11}, "": {"executed_lines": [3, 4, 5, 7, 8, 11, 17, 19, 20, 23, 24, 25, 26, 30, 32], "summary": {"covered_lines": 15, "num_statements": 15, "percent_covered": 100.0, "percent_covered_display": "100", "missing_lines": 0, "excluded_lines": 0, "percent_statements_covered": 100.0, "percent_statements_covered_display": "100"}, "missing_lines": [], "excluded_lines": [], "start_line": 1}}}, "app/models/environment.py": {"executed_lines": [3, 4, 6, 7, 10, 17, 19, 20, 23, 24, 26, 28], "summary": {"covered_lines": 12, "num_statements": 13, "percent_covered": 92.3076923076923, "percent_covered_display": "92", "missing_lines": 1, "excluded_lines": 0, "percent_statements_covered": 92.3076923076923, "percent_statements_covered_display": "92"}, "missing_lines": [29], "excluded_lines": [], "functions": {"Environment.__repr__": {"executed_lines": [], "summary": {"covered_lines": 0, "num_statements": 1, "percent_covered": 0.0, "percent_covered_display": "0", "missing_lines": 1, "excluded_lines": 0, "percent_statements_covered": 0.0, "percent_statements_covered_display": "0"}, "missing_lines": [29], "excluded_lines": [], "start_line": 28}, "": {"executed_lines": [3, 4, 6, 7, 10, 17, 19, 20, 23, 24, 26, 28], "summary": {"covered_lines": 12, "num_statements": 12, "percent_covered": 100.0, "percent_covered_display": "100", "missing_lines": 0, "excluded_lines": 0, "percent_statements_covered": 100.0, "percent_statements_covered_display": "100"}, "missing_lines": [], "excluded_lines": [], "start_line": 1}}, "classes": {"Environment": {"executed_lines": [], "summary": {"covered_lines": 0, "num_statements": 1, "percent_covered": 0.0, "percent_covered_display": "0", "missing_lines": 1, "excluded_lines": 0, "percent_statements_covered": 0.0, "percent_statements_covered_display": "0"}, "missing_lines": [29], "excluded_lines": [], "start_line": 10}, "": {"executed_lines": [3, 4, 6, 7, 10, 17, 19, 20, 23, 24, 26, 28], "summary": {"covered_lines": 12, "num_statements": 12, "percent_covered": 100.0, "percent_covered_display": "100", "missing_lines": 0, "excluded_lines": 0, "percent_statements_covered": 100.0, "percent_statements_covered_display": "100"}, "missing_lines": [], "excluded_lines": [], "start_line": 1}}}, "app/models/execution_scenario.py": {"executed_lines": [3, 4, 6, 7, 9, 12, 18, 20, 21, 24, 27, 28, 31, 32, 33, 34, 38, 40], "summary": {"covered_lines": 18, "num_statements": 19, "percent_covered": 94.73684210526316, "percent_covered_display": "95", "missing_lines": 1, "excluded_lines": 0, "percent_statements_covered": 94.73684210526316, "percent_statements_covered_display": "95"}, "missing_lines": [41], "excluded_lines": [], "functions": {"ExecutionScenario.__repr__": {"executed_lines": [], "summary": {"covered_lines": 0, "num_statements": 1, "percent_covered": 0.0, "percent_covered_display": "0", "missing_lines": 1, "excluded_lines": 0, "percent_statements_covered": 0.0, "percent_statements_covered_display": "0"}, "missing_lines": [41], "excluded_lines": [], "start_line": 40}, "": {"executed_lines": [3, 4, 6, 7, 9, 12, 18, 20, 21, 24, 27, 28, 31, 32, 33, 34, 38, 40], "summary": {"covered_lines": 18, "num_statements": 18, "percent_covered": 100.0, "percent_covered_display": "100", "missing_lines": 0, "excluded_lines": 0, "percent_statements_covered": 100.0, "percent_statements_covered_display": "100"}, "missing_lines": [], "excluded_lines": [], "start_line": 1}}, "classes": {"ExecutionScenario": {"executed_lines": [], "summary": {"covered_lines": 0, "num_statements": 1, "percent_covered": 0.0, "percent_covered_display": "0", "missing_lines": 1, "excluded_lines": 0, "percent_statements_covered": 0.0, "percent_statements_covered_display": "0"}, "missing_lines": [41], "excluded_lines": [], "start_line": 12}, "": {"executed_lines": [3, 4, 6, 7, 9, 12, 18, 20, 21, 24, 27, 28, 31, 32, 33, 34, 38, 40], "summary": {"covered_lines": 18, "num_statements": 18, "percent_covered": 100.0, "percent_covered_display": "100", "missing_lines": 0, "excluded_lines": 0, "percent_statements_covered": 100.0, "percent_statements_covered_display": "100"}, "missing_lines": [], "excluded_lines": [], "start_line": 1}}}, "app/models/execution_step.py": {"executed_lines": [3, 5, 6, 8, 9, 12, 19, 21, 22, 28, 31, 32, 35, 36, 37, 38, 40, 42], "summary": {"covered_lines": 18, "num_statements": 19, "percent_covered": 94.73684210526316, "percent_covered_display": "95", "missing_lines": 1, "excluded_lines": 0, "percent_statements_covered": 94.73684210526316, "percent_statements_covered_display": "95"}, "missing_lines": [43], "excluded_lines": [], "functions": {"ExecutionStep.__repr__": {"executed_lines": [], "summary": {"covered_lines": 0, "num_statements": 1, "percent_covered": 0.0, "percent_covered_display": "0", "missing_lines": 1, "excluded_lines": 0, "percent_statements_covered": 0.0, "percent_statements_covered_display": "0"}, "missing_lines": [43], "excluded_lines": [], "start_line": 42}, "": {"executed_lines": [3, 5, 6, 8, 9, 12, 19, 21, 22, 28, 31, 32, 35, 36, 37, 38, 40, 42], "summary": {"covered_lines": 18, "num_statements": 18, "percent_covered": 100.0, "percent_covered_display": "100", "missing_lines": 0, "excluded_lines": 0, "percent_statements_covered": 100.0, "percent_statements_covered_display": "100"}, "missing_lines": [], "excluded_lines": [], "start_line": 1}}, "classes": {"ExecutionStep": {"executed_lines": [], "summary": {"covered_lines": 0, "num_statements": 1, "percent_covered": 0.0, "percent_covered_display": "0", "missing_lines": 1, "excluded_lines": 0, "percent_statements_covered": 0.0, "percent_statements_covered_display": "0"}, "missing_lines": [43], "excluded_lines": [], "start_line": 12}, "": {"executed_lines": [3, 5, 6, 8, 9, 12, 19, 21, 22, 28, 31, 32, 35, 36, 37, 38, 40, 42], "summary": {"covered_lines": 18, "num_statements": 18, "percent_covered": 100.0, "percent_covered_display": "100", "missing_lines": 0, "excluded_lines": 0, "percent_statements_covered": 100.0, "percent_statements_covered_display": "100"}, "missing_lines": [], "excluded_lines": [], "start_line": 1}}}, "app/models/global_param.py": {"executed_lines": [3, 5, 6, 8, 9, 12, 19, 21, 22, 23, 24, 25, 26, 27, 28, 30, 32], "summary": {"covered_lines": 17, "num_statements": 18, "percent_covered": 94.44444444444444, "percent_covered_display": "94", "missing_lines": 1, "excluded_lines": 0, "percent_statements_covered": 94.44444444444444, "percent_statements_covered_display": "94"}, "missing_lines": [33], "excluded_lines": [], "functions": {"GlobalParam.__repr__": {"executed_lines": [], "summary": {"covered_lines": 0, "num_statements": 1, "percent_covered": 0.0, "percent_covered_display": "0", "missing_lines": 1, "excluded_lines": 0, "percent_statements_covered": 0.0, "percent_statements_covered_display": "0"}, "missing_lines": [33], "excluded_lines": [], "start_line": 32}, "": {"executed_lines": [3, 5, 6, 8, 9, 12, 19, 21, 22, 23, 24, 25, 26, 27, 28, 30, 32], "summary": {"covered_lines": 17, "num_statements": 17, "percent_covered": 100.0, "percent_covered_display": "100", "missing_lines": 0, "excluded_lines": 0, "percent_statements_covered": 100.0, "percent_statements_covered_display": "100"}, "missing_lines": [], "excluded_lines": [], "start_line": 1}}, "classes": {"GlobalParam": {"executed_lines": [], "summary": {"covered_lines": 0, "num_statements": 1, "percent_covered": 0.0, "percent_covered_display": "0", "missing_lines": 1, "excluded_lines": 0, "percent_statements_covered": 0.0, "percent_statements_covered_display": "0"}, "missing_lines": [33], "excluded_lines": [], "start_line": 12}, "": {"executed_lines": [3, 5, 6, 8, 9, 12, 19, 21, 22, 23, 24, 25, 26, 27, 28, 30, 32], "summary": {"covered_lines": 17, "num_statements": 17, "percent_covered": 100.0, "percent_covered_display": "100", "missing_lines": 0, "excluded_lines": 0, "percent_statements_covered": 100.0, "percent_statements_covered_display": "100"}, "missing_lines": [], "excluded_lines": [], "start_line": 1}}}, "app/models/global_variable.py": {"executed_lines": [3, 4, 5, 7, 8, 11, 17, 19, 20, 23, 24, 25, 26, 30, 32], "summary": {"covered_lines": 15, "num_statements": 16, "percent_covered": 93.75, "percent_covered_display": "94", "missing_lines": 1, "excluded_lines": 0, "percent_statements_covered": 93.75, "percent_statements_covered_display": "94"}, "missing_lines": [33], "excluded_lines": [], "functions": {"GlobalVariable.__repr__": {"executed_lines": [], "summary": {"covered_lines": 0, "num_statements": 1, "percent_covered": 0.0, "percent_covered_display": "0", "missing_lines": 1, "excluded_lines": 0, "percent_statements_covered": 0.0, "percent_statements_covered_display": "0"}, "missing_lines": [33], "excluded_lines": [], "start_line": 32}, "": {"executed_lines": [3, 4, 5, 7, 8, 11, 17, 19, 20, 23, 24, 25, 26, 30, 32], "summary": {"covered_lines": 15, "num_statements": 15, "percent_covered": 100.0, "percent_covered_display": "100", "missing_lines": 0, "excluded_lines": 0, "percent_statements_covered": 100.0, "percent_statements_covered_display": "100"}, "missing_lines": [], "excluded_lines": [], "start_line": 1}}, "classes": {"GlobalVariable": {"executed_lines": [], "summary": {"covered_lines": 0, "num_statements": 1, "percent_covered": 0.0, "percent_covered_display": "0", "missing_lines": 1, "excluded_lines": 0, "percent_statements_covered": 0.0, "percent_statements_covered_display": "0"}, "missing_lines": [33], "excluded_lines": [], "start_line": 11}, "": {"executed_lines": [3, 4, 5, 7, 8, 11, 17, 19, 20, 23, 24, 25, 26, 30, 32], "summary": {"covered_lines": 15, "num_statements": 15, "percent_covered": 100.0, "percent_covered_display": "100", "missing_lines": 0, "excluded_lines": 0, "percent_statements_covered": 100.0, "percent_statements_covered_display": "100"}, "missing_lines": [], "excluded_lines": [], "start_line": 1}}}, "app/models/interface.py": {"executed_lines": [3, 5, 6, 8, 9, 12, 18, 20, 21, 24, 27, 28, 29, 30, 31, 32, 33, 36, 38, 40], "summary": {"covered_lines": 20, "num_statements": 21, "percent_covered": 95.23809523809524, "percent_covered_display": "95", "missing_lines": 1, "excluded_lines": 0, "percent_statements_covered": 95.23809523809524, "percent_statements_covered_display": "95"}, "missing_lines": [41], "excluded_lines": [], "functions": {"Interface.__repr__": {"executed_lines": [], "summary": {"covered_lines": 0, "num_statements": 1, "percent_covered": 0.0, "percent_covered_display": "0", "missing_lines": 1, "excluded_lines": 0, "percent_statements_covered": 0.0, "percent_statements_covered_display": "0"}, "missing_lines": [41], "excluded_lines": [], "start_line": 40}, "": {"executed_lines": [3, 5, 6, 8, 9, 12, 18, 20, 21, 24, 27, 28, 29, 30, 31, 32, 33, 36, 38, 40], "summary": {"covered_lines": 20, "num_statements": 20, "percent_covered": 100.0, "percent_covered_display": "100", "missing_lines": 0, "excluded_lines": 0, "percent_statements_covered": 100.0, "percent_statements_covered_display": "100"}, "missing_lines": [], "excluded_lines": [], "start_line": 1}}, "classes": {"Interface": {"executed_lines": [], "summary": {"covered_lines": 0, "num_statements": 1, "percent_covered": 0.0, "percent_covered_display": "0", "missing_lines": 1, "excluded_lines": 0, "percent_statements_covered": 0.0, "percent_statements_covered_display": "0"}, "missing_lines": [41], "excluded_lines": [], "start_line": 12}, "": {"executed_lines": [3, 5, 6, 8, 9, 12, 18, 20, 21, 24, 27, 28, 29, 30, 31, 32, 33, 36, 38, 40], "summary": {"covered_lines": 20, "num_statements": 20, "percent_covered": 100.0, "percent_covered_display": "100", "missing_lines": 0, "excluded_lines": 0, "percent_statements_covered": 100.0, "percent_statements_covered_display": "100"}, "missing_lines": [], "excluded_lines": [], "start_line": 1}}}, "app/models/interface_folder.py": {"executed_lines": [3, 4, 5, 7, 8, 11, 14, 16, 17, 20, 23, 24, 26, 28], "summary": {"covered_lines": 14, "num_statements": 15, "percent_covered": 93.33333333333333, "percent_covered_display": "93", "missing_lines": 1, "excluded_lines": 0, "percent_statements_covered": 93.33333333333333, "percent_statements_covered_display": "93"}, "missing_lines": [29], "excluded_lines": [], "functions": {"InterfaceFolder.__repr__": {"executed_lines": [], "summary": {"covered_lines": 0, "num_statements": 1, "percent_covered": 0.0, "percent_covered_display": "0", "missing_lines": 1, "excluded_lines": 0, "percent_statements_covered": 0.0, "percent_statements_covered_display": "0"}, "missing_lines": [29], "excluded_lines": [], "start_line": 28}, "": {"executed_lines": [3, 4, 5, 7, 8, 11, 14, 16, 17, 20, 23, 24, 26, 28], "summary": {"covered_lines": 14, "num_statements": 14, "percent_covered": 100.0, "percent_covered_display": "100", "missing_lines": 0, "excluded_lines": 0, "percent_statements_covered": 100.0, "percent_statements_covered_display": "100"}, "missing_lines": [], "excluded_lines": [], "start_line": 1}}, "classes": {"InterfaceFolder": {"executed_lines": [], "summary": {"covered_lines": 0, "num_statements": 1, "percent_covered": 0.0, "percent_covered_display": "0", "missing_lines": 1, "excluded_lines": 0, "percent_statements_covered": 0.0, "percent_statements_covered_display": "0"}, "missing_lines": [29], "excluded_lines": [], "start_line": 11}, "": {"executed_lines": [3, 4, 5, 7, 8, 11, 14, 16, 17, 20, 23, 24, 26, 28], "summary": {"covered_lines": 14, "num_statements": 14, "percent_covered": 100.0, "percent_covered_display": "100", "missing_lines": 0, "excluded_lines": 0, "percent_statements_covered": 100.0, "percent_statements_covered_display": "100"}, "missing_lines": [], "excluded_lines": [], "start_line": 1}}}, "app/models/keyword.py": {"executed_lines": [3, 5, 6, 8, 9, 12, 19, 21, 22, 25, 26, 27, 28, 31, 32, 34, 38], "summary": {"covered_lines": 17, "num_statements": 18, "percent_covered": 94.44444444444444, "percent_covered_display": "94", "missing_lines": 1, "excluded_lines": 0, "percent_statements_covered": 94.44444444444444, "percent_statements_covered_display": "94"}, "missing_lines": [39], "excluded_lines": [], "functions": {"Keyword.__repr__": {"executed_lines": [], "summary": {"covered_lines": 0, "num_statements": 1, "percent_covered": 0.0, "percent_covered_display": "0", "missing_lines": 1, "excluded_lines": 0, "percent_statements_covered": 0.0, "percent_statements_covered_display": "0"}, "missing_lines": [39], "excluded_lines": [], "start_line": 38}, "": {"executed_lines": [3, 5, 6, 8, 9, 12, 19, 21, 22, 25, 26, 27, 28, 31, 32, 34, 38], "summary": {"covered_lines": 17, "num_statements": 17, "percent_covered": 100.0, "percent_covered_display": "100", "missing_lines": 0, "excluded_lines": 0, "percent_statements_covered": 100.0, "percent_statements_covered_display": "100"}, "missing_lines": [], "excluded_lines": [], "start_line": 1}}, "classes": {"Keyword": {"executed_lines": [], "summary": {"covered_lines": 0, "num_statements": 1, "percent_covered": 0.0, "percent_covered_display": "0", "missing_lines": 1, "excluded_lines": 0, "percent_statements_covered": 0.0, "percent_statements_covered_display": "0"}, "missing_lines": [39], "excluded_lines": [], "start_line": 12}, "": {"executed_lines": [3, 5, 6, 8, 9, 12, 19, 21, 22, 25, 26, 27, 28, 31, 32, 34, 38], "summary": {"covered_lines": 17, "num_statements": 17, "percent_covered": 100.0, "percent_covered_display": "100", "missing_lines": 0, "excluded_lines": 0, "percent_statements_covered": 100.0, "percent_statements_covered_display": "100"}, "missing_lines": [], "excluded_lines": [], "start_line": 1}}}, "app/models/plan_scenario.py": {"executed_lines": [3, 4, 6, 7, 10, 16, 18, 19, 22, 25, 27, 29], "summary": {"covered_lines": 12, "num_statements": 13, "percent_covered": 92.3076923076923, "percent_covered_display": "92", "missing_lines": 1, "excluded_lines": 0, "percent_statements_covered": 92.3076923076923, "percent_statements_covered_display": "92"}, "missing_lines": [30], "excluded_lines": [], "functions": {"PlanScenario.__repr__": {"executed_lines": [], "summary": {"covered_lines": 0, "num_statements": 1, "percent_covered": 0.0, "percent_covered_display": "0", "missing_lines": 1, "excluded_lines": 0, "percent_statements_covered": 0.0, "percent_statements_covered_display": "0"}, "missing_lines": [30], "excluded_lines": [], "start_line": 29}, "": {"executed_lines": [3, 4, 6, 7, 10, 16, 18, 19, 22, 25, 27, 29], "summary": {"covered_lines": 12, "num_statements": 12, "percent_covered": 100.0, "percent_covered_display": "100", "missing_lines": 0, "excluded_lines": 0, "percent_statements_covered": 100.0, "percent_statements_covered_display": "100"}, "missing_lines": [], "excluded_lines": [], "start_line": 1}}, "classes": {"PlanScenario": {"executed_lines": [], "summary": {"covered_lines": 0, "num_statements": 1, "percent_covered": 0.0, "percent_covered_display": "0", "missing_lines": 1, "excluded_lines": 0, "percent_statements_covered": 0.0, "percent_statements_covered_display": "0"}, "missing_lines": [30], "excluded_lines": [], "start_line": 10}, "": {"executed_lines": [3, 4, 6, 7, 10, 16, 18, 19, 22, 25, 27, 29], "summary": {"covered_lines": 12, "num_statements": 12, "percent_covered": 100.0, "percent_covered_display": "100", "missing_lines": 0, "excluded_lines": 0, "percent_statements_covered": 100.0, "percent_statements_covered_display": "100"}, "missing_lines": [], "excluded_lines": [], "start_line": 1}}}, "app/models/project.py": {"executed_lines": [3, 4, 5, 7, 8, 11, 14, 16, 17, 18, 19, 24, 25, 27, 29, 30], "summary": {"covered_lines": 16, "num_statements": 16, "percent_covered": 100.0, "percent_covered_display": "100", "missing_lines": 0, "excluded_lines": 0, "percent_statements_covered": 100.0, "percent_statements_covered_display": "100"}, "missing_lines": [], "excluded_lines": [], "functions": {"Project.__repr__": {"executed_lines": [30], "summary": {"covered_lines": 1, "num_statements": 1, "percent_covered": 100.0, "percent_covered_display": "100", "missing_lines": 0, "excluded_lines": 0, "percent_statements_covered": 100.0, "percent_statements_covered_display": "100"}, "missing_lines": [], "excluded_lines": [], "start_line": 29}, "": {"executed_lines": [3, 4, 5, 7, 8, 11, 14, 16, 17, 18, 19, 24, 25, 27, 29], "summary": {"covered_lines": 15, "num_statements": 15, "percent_covered": 100.0, "percent_covered_display": "100", "missing_lines": 0, "excluded_lines": 0, "percent_statements_covered": 100.0, "percent_statements_covered_display": "100"}, "missing_lines": [], "excluded_lines": [], "start_line": 1}}, "classes": {"Project": {"executed_lines": [30], "summary": {"covered_lines": 1, "num_statements": 1, "percent_covered": 100.0, "percent_covered_display": "100", "missing_lines": 0, "excluded_lines": 0, "percent_statements_covered": 100.0, "percent_statements_covered_display": "100"}, "missing_lines": [], "excluded_lines": [], "start_line": 11}, "": {"executed_lines": [3, 4, 5, 7, 8, 11, 14, 16, 17, 18, 19, 24, 25, 27, 29], "summary": {"covered_lines": 15, "num_statements": 15, "percent_covered": 100.0, "percent_covered_display": "100", "missing_lines": 0, "excluded_lines": 0, "percent_statements_covered": 100.0, "percent_statements_covered_display": "100"}, "missing_lines": [], "excluded_lines": [], "start_line": 1}}}, "app/models/scenario.py": {"executed_lines": [3, 5, 6, 8, 9, 12, 18, 20, 21, 24, 25, 26, 29, 30, 31, 32, 33, 36, 41, 43, 45], "summary": {"covered_lines": 21, "num_statements": 22, "percent_covered": 95.45454545454545, "percent_covered_display": "95", "missing_lines": 1, "excluded_lines": 0, "percent_statements_covered": 95.45454545454545, "percent_statements_covered_display": "95"}, "missing_lines": [46], "excluded_lines": [], "functions": {"Scenario.__repr__": {"executed_lines": [], "summary": {"covered_lines": 0, "num_statements": 1, "percent_covered": 0.0, "percent_covered_display": "0", "missing_lines": 1, "excluded_lines": 0, "percent_statements_covered": 0.0, "percent_statements_covered_display": "0"}, "missing_lines": [46], "excluded_lines": [], "start_line": 45}, "": {"executed_lines": [3, 5, 6, 8, 9, 12, 18, 20, 21, 24, 25, 26, 29, 30, 31, 32, 33, 36, 41, 43, 45], "summary": {"covered_lines": 21, "num_statements": 21, "percent_covered": 100.0, "percent_covered_display": "100", "missing_lines": 0, "excluded_lines": 0, "percent_statements_covered": 100.0, "percent_statements_covered_display": "100"}, "missing_lines": [], "excluded_lines": [], "start_line": 1}}, "classes": {"Scenario": {"executed_lines": [], "summary": {"covered_lines": 0, "num_statements": 1, "percent_covered": 0.0, "percent_covered_display": "0", "missing_lines": 1, "excluded_lines": 0, "percent_statements_covered": 0.0, "percent_statements_covered_display": "0"}, "missing_lines": [46], "excluded_lines": [], "start_line": 12}, "": {"executed_lines": [3, 5, 6, 8, 9, 12, 18, 20, 21, 24, 25, 26, 29, 30, 31, 32, 33, 36, 41, 43, 45], "summary": {"covered_lines": 21, "num_statements": 21, "percent_covered": 100.0, "percent_covered_display": "100", "missing_lines": 0, "excluded_lines": 0, "percent_statements_covered": 100.0, "percent_statements_covered_display": "100"}, "missing_lines": [], "excluded_lines": [], "start_line": 1}}}, "app/models/scenario_step.py": {"executed_lines": [3, 5, 6, 8, 9, 12, 18, 20, 21, 24, 25, 26, 29, 32, 34, 36], "summary": {"covered_lines": 16, "num_statements": 17, "percent_covered": 94.11764705882354, "percent_covered_display": "94", "missing_lines": 1, "excluded_lines": 0, "percent_statements_covered": 94.11764705882354, "percent_statements_covered_display": "94"}, "missing_lines": [37], "excluded_lines": [], "functions": {"ScenarioStep.__repr__": {"executed_lines": [], "summary": {"covered_lines": 0, "num_statements": 1, "percent_covered": 0.0, "percent_covered_display": "0", "missing_lines": 1, "excluded_lines": 0, "percent_statements_covered": 0.0, "percent_statements_covered_display": "0"}, "missing_lines": [37], "excluded_lines": [], "start_line": 36}, "": {"executed_lines": [3, 5, 6, 8, 9, 12, 18, 20, 21, 24, 25, 26, 29, 32, 34, 36], "summary": {"covered_lines": 16, "num_statements": 16, "percent_covered": 100.0, "percent_covered_display": "100", "missing_lines": 0, "excluded_lines": 0, "percent_statements_covered": 100.0, "percent_statements_covered_display": "100"}, "missing_lines": [], "excluded_lines": [], "start_line": 1}}, "classes": {"ScenarioStep": {"executed_lines": [], "summary": {"covered_lines": 0, "num_statements": 1, "percent_covered": 0.0, "percent_covered_display": "0", "missing_lines": 1, "excluded_lines": 0, "percent_statements_covered": 0.0, "percent_statements_covered_display": "0"}, "missing_lines": [37], "excluded_lines": [], "start_line": 12}, "": {"executed_lines": [3, 5, 6, 8, 9, 12, 18, 20, 21, 24, 25, 26, 29, 32, 34, 36], "summary": {"covered_lines": 16, "num_statements": 16, "percent_covered": 100.0, "percent_covered_display": "100", "missing_lines": 0, "excluded_lines": 0, "percent_statements_covered": 100.0, "percent_statements_covered_display": "100"}, "missing_lines": [], "excluded_lines": [], "start_line": 1}}}, "app/models/test_execution.py": {"executed_lines": [3, 4, 5, 7, 8, 10, 13, 20, 22, 23, 26, 29, 32, 35, 36, 37, 38, 39, 40, 41, 45, 48, 50], "summary": {"covered_lines": 23, "num_statements": 24, "percent_covered": 95.83333333333333, "percent_covered_display": "96", "missing_lines": 1, "excluded_lines": 0, "percent_statements_covered": 95.83333333333333, "percent_statements_covered_display": "96"}, "missing_lines": [51], "excluded_lines": [], "functions": {"TestExecution.__repr__": {"executed_lines": [], "summary": {"covered_lines": 0, "num_statements": 1, "percent_covered": 0.0, "percent_covered_display": "0", "missing_lines": 1, "excluded_lines": 0, "percent_statements_covered": 0.0, "percent_statements_covered_display": "0"}, "missing_lines": [51], "excluded_lines": [], "start_line": 50}, "": {"executed_lines": [3, 4, 5, 7, 8, 10, 13, 20, 22, 23, 26, 29, 32, 35, 36, 37, 38, 39, 40, 41, 45, 48, 50], "summary": {"covered_lines": 23, "num_statements": 23, "percent_covered": 100.0, "percent_covered_display": "100", "missing_lines": 0, "excluded_lines": 0, "percent_statements_covered": 100.0, "percent_statements_covered_display": "100"}, "missing_lines": [], "excluded_lines": [], "start_line": 1}}, "classes": {"TestExecution": {"executed_lines": [], "summary": {"covered_lines": 0, "num_statements": 1, "percent_covered": 0.0, "percent_covered_display": "0", "missing_lines": 1, "excluded_lines": 0, "percent_statements_covered": 0.0, "percent_statements_covered_display": "0"}, "missing_lines": [51], "excluded_lines": [], "start_line": 13}, "": {"executed_lines": [3, 4, 5, 7, 8, 10, 13, 20, 22, 23, 26, 29, 32, 35, 36, 37, 38, 39, 40, 41, 45, 48, 50], "summary": {"covered_lines": 23, "num_statements": 23, "percent_covered": 100.0, "percent_covered_display": "100", "missing_lines": 0, "excluded_lines": 0, "percent_statements_covered": 100.0, "percent_statements_covered_display": "100"}, "missing_lines": [], "excluded_lines": [], "start_line": 1}}}, "app/models/test_plan.py": {"executed_lines": [3, 4, 5, 7, 8, 11, 17, 19, 20, 23, 24, 25, 30, 31, 33, 35], "summary": {"covered_lines": 16, "num_statements": 17, "percent_covered": 94.11764705882354, "percent_covered_display": "94", "missing_lines": 1, "excluded_lines": 0, "percent_statements_covered": 94.11764705882354, "percent_statements_covered_display": "94"}, "missing_lines": [36], "excluded_lines": [], "functions": {"TestPlan.__repr__": {"executed_lines": [], "summary": {"covered_lines": 0, "num_statements": 1, "percent_covered": 0.0, "percent_covered_display": "0", "missing_lines": 1, "excluded_lines": 0, "percent_statements_covered": 0.0, "percent_statements_covered_display": "0"}, "missing_lines": [36], "excluded_lines": [], "start_line": 35}, "": {"executed_lines": [3, 4, 5, 7, 8, 11, 17, 19, 20, 23, 24, 25, 30, 31, 33, 35], "summary": {"covered_lines": 16, "num_statements": 16, "percent_covered": 100.0, "percent_covered_display": "100", "missing_lines": 0, "excluded_lines": 0, "percent_statements_covered": 100.0, "percent_statements_covered_display": "100"}, "missing_lines": [], "excluded_lines": [], "start_line": 1}}, "classes": {"TestPlan": {"executed_lines": [], "summary": {"covered_lines": 0, "num_statements": 1, "percent_covered": 0.0, "percent_covered_display": "0", "missing_lines": 1, "excluded_lines": 0, "percent_statements_covered": 0.0, "percent_statements_covered_display": "0"}, "missing_lines": [36], "excluded_lines": [], "start_line": 11}, "": {"executed_lines": [3, 4, 5, 7, 8, 11, 17, 19, 20, 23, 24, 25, 30, 31, 33, 35], "summary": {"covered_lines": 16, "num_statements": 16, "percent_covered": 100.0, "percent_covered_display": "100", "missing_lines": 0, "excluded_lines": 0, "percent_statements_covered": 100.0, "percent_statements_covered_display": "100"}, "missing_lines": [], "excluded_lines": [], "start_line": 1}}}, "app/models/test_report.py": {"executed_lines": [3, 4, 6, 7, 9, 12, 19, 21, 22, 28, 31, 34, 35, 36, 37, 38, 39, 40, 43, 46, 47, 48, 49, 53, 55], "summary": {"covered_lines": 25, "num_statements": 26, "percent_covered": 96.15384615384616, "percent_covered_display": "96", "missing_lines": 1, "excluded_lines": 0, "percent_statements_covered": 96.15384615384616, "percent_statements_covered_display": "96"}, "missing_lines": [56], "excluded_lines": [], "functions": {"TestReport.__repr__": {"executed_lines": [], "summary": {"covered_lines": 0, "num_statements": 1, "percent_covered": 0.0, "percent_covered_display": "0", "missing_lines": 1, "excluded_lines": 0, "percent_statements_covered": 0.0, "percent_statements_covered_display": "0"}, "missing_lines": [56], "excluded_lines": [], "start_line": 55}, "": {"executed_lines": [3, 4, 6, 7, 9, 12, 19, 21, 22, 28, 31, 34, 35, 36, 37, 38, 39, 40, 43, 46, 47, 48, 49, 53, 55], "summary": {"covered_lines": 25, "num_statements": 25, "percent_covered": 100.0, "percent_covered_display": "100", "missing_lines": 0, "excluded_lines": 0, "percent_statements_covered": 100.0, "percent_statements_covered_display": "100"}, "missing_lines": [], "excluded_lines": [], "start_line": 1}}, "classes": {"TestReport": {"executed_lines": [], "summary": {"covered_lines": 0, "num_statements": 1, "percent_covered": 0.0, "percent_covered_display": "0", "missing_lines": 1, "excluded_lines": 0, "percent_statements_covered": 0.0, "percent_statements_covered_display": "0"}, "missing_lines": [56], "excluded_lines": [], "start_line": 12}, "": {"executed_lines": [3, 4, 6, 7, 9, 12, 19, 21, 22, 28, 31, 34, 35, 36, 37, 38, 39, 40, 43, 46, 47, 48, 49, 53, 55], "summary": {"covered_lines": 25, "num_statements": 25, "percent_covered": 100.0, "percent_covered_display": "100", "missing_lines": 0, "excluded_lines": 0, "percent_statements_covered": 100.0, "percent_statements_covered_display": "100"}, "missing_lines": [], "excluded_lines": [], "start_line": 1}}}, "app/models/user.py": {"executed_lines": [3, 4, 6, 7, 9, 10, 13, 19, 21, 22, 23, 24, 25, 26, 27, 28, 29, 30, 33, 36, 37, 39, 40], "summary": {"covered_lines": 23, "num_statements": 23, "percent_covered": 100.0, "percent_covered_display": "100", "missing_lines": 0, "excluded_lines": 0, "percent_statements_covered": 100.0, "percent_statements_covered_display": "100"}, "missing_lines": [], "excluded_lines": [], "functions": {"User.__repr__": {"executed_lines": [40], "summary": {"covered_lines": 1, "num_statements": 1, "percent_covered": 100.0, "percent_covered_display": "100", "missing_lines": 0, "excluded_lines": 0, "percent_statements_covered": 100.0, "percent_statements_covered_display": "100"}, "missing_lines": [], "excluded_lines": [], "start_line": 39}, "": {"executed_lines": [3, 4, 6, 7, 9, 10, 13, 19, 21, 22, 23, 24, 25, 26, 27, 28, 29, 30, 33, 36, 37, 39], "summary": {"covered_lines": 22, "num_statements": 22, "percent_covered": 100.0, "percent_covered_display": "100", "missing_lines": 0, "excluded_lines": 0, "percent_statements_covered": 100.0, "percent_statements_covered_display": "100"}, "missing_lines": [], "excluded_lines": [], "start_line": 1}}, "classes": {"User": {"executed_lines": [40], "summary": {"covered_lines": 1, "num_statements": 1, "percent_covered": 100.0, "percent_covered_display": "100", "missing_lines": 0, "excluded_lines": 0, "percent_statements_covered": 100.0, "percent_statements_covered_display": "100"}, "missing_lines": [], "excluded_lines": [], "start_line": 13}, "": {"executed_lines": [3, 4, 6, 7, 9, 10, 13, 19, 21, 22, 23, 24, 25, 26, 27, 28, 29, 30, 33, 36, 37, 39], "summary": {"covered_lines": 22, "num_statements": 22, "percent_covered": 100.0, "percent_covered_display": "100", "missing_lines": 0, "excluded_lines": 0, "percent_statements_covered": 100.0, "percent_statements_covered_display": "100"}, "missing_lines": [], "excluded_lines": [], "start_line": 1}}}, "app/repositories/__init__.py": {"executed_lines": [], "summary": {"covered_lines": 0, "num_statements": 0, "percent_covered": 100.0, "percent_covered_display": "100", "missing_lines": 0, "excluded_lines": 0, "percent_statements_covered": 100.0, "percent_statements_covered_display": "100"}, "missing_lines": [], "excluded_lines": [], "functions": {"": {"executed_lines": [], "summary": {"covered_lines": 0, "num_statements": 0, "percent_covered": 100.0, "percent_covered_display": "100", "missing_lines": 0, "excluded_lines": 0, "percent_statements_covered": 100.0, "percent_statements_covered_display": "100"}, "missing_lines": [], "excluded_lines": [], "start_line": 1}}, "classes": {"": {"executed_lines": [], "summary": {"covered_lines": 0, "num_statements": 0, "percent_covered": 100.0, "percent_covered_display": "100", "missing_lines": 0, "excluded_lines": 0, "percent_statements_covered": 100.0, "percent_statements_covered_display": "100"}, "missing_lines": [], "excluded_lines": [], "start_line": 1}}}, "app/routers/__init__.py": {"executed_lines": [3, 18], "summary": {"covered_lines": 2, "num_statements": 2, "percent_covered": 100.0, "percent_covered_display": "100", "missing_lines": 0, "excluded_lines": 0, "percent_statements_covered": 100.0, "percent_statements_covered_display": "100"}, "missing_lines": [], "excluded_lines": [], "functions": {"": {"executed_lines": [3, 18], "summary": {"covered_lines": 2, "num_statements": 2, "percent_covered": 100.0, "percent_covered_display": "100", "missing_lines": 0, "excluded_lines": 0, "percent_statements_covered": 100.0, "percent_statements_covered_display": "100"}, "missing_lines": [], "excluded_lines": [], "start_line": 1}}, "classes": {"": {"executed_lines": [3, 18], "summary": {"covered_lines": 2, "num_statements": 2, "percent_covered": 100.0, "percent_covered_display": "100", "missing_lines": 0, "excluded_lines": 0, "percent_statements_covered": 100.0, "percent_statements_covered_display": "100"}, "missing_lines": [], "excluded_lines": [], "start_line": 1}}}, "app/routers/auth.py": {"executed_lines": [3, 4, 6, 7, 8, 9, 11, 12, 13, 20, 21, 22, 23, 26, 31, 34, 35, 54, 55, 56, 57, 62, 68, 69, 70, 73, 74, 78, 80, 87, 88, 131, 132, 175, 176, 187, 190, 191, 201, 204, 205, 221, 227, 231, 232, 233, 278, 279, 307, 308, 369, 370, 396, 397], "summary": {"covered_lines": 54, "num_statements": 129, "percent_covered": 41.86046511627907, "percent_covered_display": "42", "missing_lines": 75, "excluded_lines": 0, "percent_statements_covered": 41.86046511627907, "percent_statements_covered_display": "42"}, "missing_lines": [107, 109, 110, 117, 118, 122, 124, 151, 153, 154, 161, 162, 166, 168, 228, 236, 237, 238, 244, 245, 246, 249, 250, 252, 253, 255, 256, 261, 262, 266, 268, 288, 289, 290, 291, 295, 300, 301, 326, 327, 328, 332, 335, 338, 341, 344, 345, 349, 351, 357, 358, 362, 363, 379, 380, 381, 382, 384, 389, 390, 415, 416, 417, 421, 424, 427, 430, 433, 434, 438, 440, 446, 447, 451, 452], "excluded_lines": [], "functions": {"register": {"executed_lines": [54, 55, 56, 57, 62, 68, 69, 70, 73, 74, 78, 80], "summary": {"covered_lines": 12, "num_statements": 12, "percent_covered": 100.0, "percent_covered_display": "100", "missing_lines": 0, "excluded_lines": 0, "percent_statements_covered": 100.0, "percent_statements_covered_display": "100"}, "missing_lines": [], "excluded_lines": [], "start_line": 35}, "login": {"executed_lines": [], "summary": {"covered_lines": 0, "num_statements": 7, "percent_covered": 0.0, "percent_covered_display": "0", "missing_lines": 7, "excluded_lines": 0, "percent_statements_covered": 0.0, "percent_statements_covered_display": "0"}, "missing_lines": [107, 109, 110, 117, 118, 122, 124], "excluded_lines": [], "start_line": 88}, "login_json": {"executed_lines": [], "summary": {"covered_lines": 0, "num_statements": 7, "percent_covered": 0.0, "percent_covered_display": "0", "missing_lines": 7, "excluded_lines": 0, "percent_statements_covered": 0.0, "percent_statements_covered_display": "0"}, "missing_lines": [151, 153, 154, 161, 162, 166, 168], "excluded_lines": [], "start_line": 132}, "get_current_user_info": {"executed_lines": [187], "summary": {"covered_lines": 1, "num_statements": 1, "percent_covered": 100.0, "percent_covered_display": "100", "missing_lines": 0, "excluded_lines": 0, "percent_statements_covered": 100.0, "percent_statements_covered_display": "100"}, "missing_lines": [], "excluded_lines": [], "start_line": 176}, "logout": {"executed_lines": [201], "summary": {"covered_lines": 1, "num_statements": 1, "percent_covered": 100.0, "percent_covered_display": "100", "missing_lines": 0, "excluded_lines": 0, "percent_statements_covered": 100.0, "percent_statements_covered_display": "100"}, "missing_lines": [], "excluded_lines": [], "start_line": 191}, "refresh_token": {"executed_lines": [221, 227, 231, 232, 233], "summary": {"covered_lines": 5, "num_statements": 22, "percent_covered": 22.727272727272727, "percent_covered_display": "23", "missing_lines": 17, "excluded_lines": 0, "percent_statements_covered": 22.727272727272727, "percent_statements_covered_display": "23"}, "missing_lines": [228, 236, 237, 238, 244, 245, 246, 249, 250, 252, 253, 255, 256, 261, 262, 266, 268], "excluded_lines": [], "start_line": 205}, "github_login": {"executed_lines": [], "summary": {"covered_lines": 0, "num_statements": 7, "percent_covered": 0.0, "percent_covered_display": "0", "missing_lines": 7, "excluded_lines": 0, "percent_statements_covered": 0.0, "percent_statements_covered_display": "0"}, "missing_lines": [288, 289, 290, 291, 295, 300, 301], "excluded_lines": [], "start_line": 279}, "github_callback": {"executed_lines": [], "summary": {"covered_lines": 0, "num_statements": 15, "percent_covered": 0.0, "percent_covered_display": "0", "missing_lines": 15, "excluded_lines": 0, "percent_statements_covered": 0.0, "percent_statements_covered_display": "0"}, "missing_lines": [326, 327, 328, 332, 335, 338, 341, 344, 345, 349, 351, 357, 358, 362, 363], "excluded_lines": [], "start_line": 308}, "google_login": {"executed_lines": [], "summary": {"covered_lines": 0, "num_statements": 7, "percent_covered": 0.0, "percent_covered_display": "0", "missing_lines": 7, "excluded_lines": 0, "percent_statements_covered": 0.0, "percent_statements_covered_display": "0"}, "missing_lines": [379, 380, 381, 382, 384, 389, 390], "excluded_lines": [], "start_line": 370}, "google_callback": {"executed_lines": [], "summary": {"covered_lines": 0, "num_statements": 15, "percent_covered": 0.0, "percent_covered_display": "0", "missing_lines": 15, "excluded_lines": 0, "percent_statements_covered": 0.0, "percent_statements_covered_display": "0"}, "missing_lines": [415, 416, 417, 421, 424, 427, 430, 433, 434, 438, 440, 446, 447, 451, 452], "excluded_lines": [], "start_line": 397}, "": {"executed_lines": [3, 4, 6, 7, 8, 9, 11, 12, 13, 20, 21, 22, 23, 26, 31, 34, 35, 87, 88, 131, 132, 175, 176, 190, 191, 204, 205, 278, 279, 307, 308, 369, 370, 396, 397], "summary": {"covered_lines": 35, "num_statements": 35, "percent_covered": 100.0, "percent_covered_display": "100", "missing_lines": 0, "excluded_lines": 0, "percent_statements_covered": 100.0, "percent_statements_covered_display": "100"}, "missing_lines": [], "excluded_lines": [], "start_line": 1}}, "classes": {"": {"executed_lines": [3, 4, 6, 7, 8, 9, 11, 12, 13, 20, 21, 22, 23, 26, 31, 34, 35, 54, 55, 56, 57, 62, 68, 69, 70, 73, 74, 78, 80, 87, 88, 131, 132, 175, 176, 187, 190, 191, 201, 204, 205, 221, 227, 231, 232, 233, 278, 279, 307, 308, 369, 370, 396, 397], "summary": {"covered_lines": 54, "num_statements": 129, "percent_covered": 41.86046511627907, "percent_covered_display": "42", "missing_lines": 75, "excluded_lines": 0, "percent_statements_covered": 41.86046511627907, "percent_statements_covered_display": "42"}, "missing_lines": [107, 109, 110, 117, 118, 122, 124, 151, 153, 154, 161, 162, 166, 168, 228, 236, 237, 238, 244, 245, 246, 249, 250, 252, 253, 255, 256, 261, 262, 266, 268, 288, 289, 290, 291, 295, 300, 301, 326, 327, 328, 332, 335, 338, 341, 344, 345, 349, 351, 357, 358, 362, 363, 379, 380, 381, 382, 384, 389, 390, 415, 416, 417, 421, 424, 427, 430, 433, 434, 438, 440, 446, 447, 451, 452], "excluded_lines": [], "start_line": 1}}}, "app/routers/dashboard.py": {"executed_lines": [3, 5, 6, 11, 12, 14, 15, 18, 30, 31, 44, 45, 59, 60], "summary": {"covered_lines": 14, "num_statements": 21, "percent_covered": 66.66666666666667, "percent_covered_display": "67", "missing_lines": 7, "excluded_lines": 0, "percent_statements_covered": 66.66666666666667, "percent_statements_covered_display": "67"}, "missing_lines": [27, 40, 41, 55, 56, 69, 70], "excluded_lines": [], "functions": {"get_current_user_id": {"executed_lines": [], "summary": {"covered_lines": 0, "num_statements": 1, "percent_covered": 0.0, "percent_covered_display": "0", "missing_lines": 1, "excluded_lines": 0, "percent_statements_covered": 0.0, "percent_statements_covered_display": "0"}, "missing_lines": [27], "excluded_lines": [], "start_line": 18}, "get_core_stats": {"executed_lines": [], "summary": {"covered_lines": 0, "num_statements": 2, "percent_covered": 0.0, "percent_covered_display": "0", "missing_lines": 2, "excluded_lines": 0, "percent_statements_covered": 0.0, "percent_statements_covered_display": "0"}, "missing_lines": [40, 41], "excluded_lines": [], "start_line": 31}, "get_execution_trend": {"executed_lines": [], "summary": {"covered_lines": 0, "num_statements": 2, "percent_covered": 0.0, "percent_covered_display": "0", "missing_lines": 2, "excluded_lines": 0, "percent_statements_covered": 0.0, "percent_statements_covered_display": "0"}, "missing_lines": [55, 56], "excluded_lines": [], "start_line": 45}, "get_project_coverage": {"executed_lines": [], "summary": {"covered_lines": 0, "num_statements": 2, "percent_covered": 0.0, "percent_covered_display": "0", "missing_lines": 2, "excluded_lines": 0, "percent_statements_covered": 0.0, "percent_statements_covered_display": "0"}, "missing_lines": [69, 70], "excluded_lines": [], "start_line": 60}, "": {"executed_lines": [3, 5, 6, 11, 12, 14, 15, 18, 30, 31, 44, 45, 59, 60], "summary": {"covered_lines": 14, "num_statements": 14, "percent_covered": 100.0, "percent_covered_display": "100", "missing_lines": 0, "excluded_lines": 0, "percent_statements_covered": 100.0, "percent_statements_covered_display": "100"}, "missing_lines": [], "excluded_lines": [], "start_line": 1}}, "classes": {"": {"executed_lines": [3, 5, 6, 11, 12, 14, 15, 18, 30, 31, 44, 45, 59, 60], "summary": {"covered_lines": 14, "num_statements": 21, "percent_covered": 66.66666666666667, "percent_covered_display": "67", "missing_lines": 7, "excluded_lines": 0, "percent_statements_covered": 66.66666666666667, "percent_statements_covered_display": "67"}, "missing_lines": [27, 40, 41, 55, 56, 69, 70], "excluded_lines": [], "start_line": 1}}}, "app/routers/db_configs.py": {"executed_lines": [3, 5, 6, 8, 9, 10, 11, 19, 21, 24, 38, 54, 55, 103, 104, 153, 154, 199, 200, 255, 256, 290, 291, 322, 323], "summary": {"covered_lines": 25, "num_statements": 64, "percent_covered": 39.0625, "percent_covered_display": "39", "missing_lines": 39, "excluded_lines": 0, "percent_statements_covered": 39.0625, "percent_statements_covered_display": "39"}, "missing_lines": [35, 51, 75, 76, 77, 80, 100, 125, 126, 127, 128, 146, 147, 174, 175, 176, 181, 222, 223, 224, 225, 230, 248, 249, 274, 275, 276, 277, 282, 283, 284, 309, 310, 319, 345, 346, 347, 348, 353], "excluded_lines": [], "functions": {"get_db_config_service": {"executed_lines": [], "summary": {"covered_lines": 0, "num_statements": 1, "percent_covered": 0.0, "percent_covered_display": "0", "missing_lines": 1, "excluded_lines": 0, "percent_statements_covered": 0.0, "percent_statements_covered_display": "0"}, "missing_lines": [35], "excluded_lines": [], "start_line": 24}, "build_config_display": {"executed_lines": [], "summary": {"covered_lines": 0, "num_statements": 1, "percent_covered": 0.0, "percent_covered_display": "0", "missing_lines": 1, "excluded_lines": 0, "percent_statements_covered": 0.0, "percent_statements_covered_display": "0"}, "missing_lines": [51], "excluded_lines": [], "start_line": 38}, "list_db_configs": {"executed_lines": [], "summary": {"covered_lines": 0, "num_statements": 5, "percent_covered": 0.0, "percent_covered_display": "0", "missing_lines": 5, "excluded_lines": 0, "percent_statements_covered": 0.0, "percent_statements_covered_display": "0"}, "missing_lines": [75, 76, 77, 80, 100], "excluded_lines": [], "start_line": 55}, "create_db_config": {"executed_lines": [], "summary": {"covered_lines": 0, "num_statements": 6, "percent_covered": 0.0, "percent_covered_display": "0", "missing_lines": 6, "excluded_lines": 0, "percent_statements_covered": 0.0, "percent_statements_covered_display": "0"}, "missing_lines": [125, 126, 127, 128, 146, 147], "excluded_lines": [], "start_line": 104}, "get_db_config": {"executed_lines": [], "summary": {"covered_lines": 0, "num_statements": 4, "percent_covered": 0.0, "percent_covered_display": "0", "missing_lines": 4, "excluded_lines": 0, "percent_statements_covered": 0.0, "percent_statements_covered_display": "0"}, "missing_lines": [174, 175, 176, 181], "excluded_lines": [], "start_line": 154}, "update_db_config": {"executed_lines": [], "summary": {"covered_lines": 0, "num_statements": 7, "percent_covered": 0.0, "percent_covered_display": "0", "missing_lines": 7, "excluded_lines": 0, "percent_statements_covered": 0.0, "percent_statements_covered_display": "0"}, "missing_lines": [222, 223, 224, 225, 230, 248, 249], "excluded_lines": [], "start_line": 200}, "delete_db_config": {"executed_lines": [], "summary": {"covered_lines": 0, "num_statements": 7, "percent_covered": 0.0, "percent_covered_display": "0", "missing_lines": 7, "excluded_lines": 0, "percent_statements_covered": 0.0, "percent_statements_covered_display": "0"}, "missing_lines": [274, 275, 276, 277, 282, 283, 284], "excluded_lines": [], "start_line": 256}, "test_connection": {"executed_lines": [], "summary": {"covered_lines": 0, "num_statements": 3, "percent_covered": 0.0, "percent_covered_display": "0", "missing_lines": 3, "excluded_lines": 0, "percent_statements_covered": 0.0, "percent_statements_covered_display": "0"}, "missing_lines": [309, 310, 319], "excluded_lines": [], "start_line": 291}, "toggle_db_config": {"executed_lines": [], "summary": {"covered_lines": 0, "num_statements": 5, "percent_covered": 0.0, "percent_covered_display": "0", "missing_lines": 5, "excluded_lines": 0, "percent_statements_covered": 0.0, "percent_statements_covered_display": "0"}, "missing_lines": [345, 346, 347, 348, 353], "excluded_lines": [], "start_line": 323}, "": {"executed_lines": [3, 5, 6, 8, 9, 10, 11, 19, 21, 24, 38, 54, 55, 103, 104, 153, 154, 199, 200, 255, 256, 290, 291, 322, 323], "summary": {"covered_lines": 25, "num_statements": 25, "percent_covered": 100.0, "percent_covered_display": "100", "missing_lines": 0, "excluded_lines": 0, "percent_statements_covered": 100.0, "percent_statements_covered_display": "100"}, "missing_lines": [], "excluded_lines": [], "start_line": 1}}, "classes": {"": {"executed_lines": [3, 5, 6, 8, 9, 10, 11, 19, 21, 24, 38, 54, 55, 103, 104, 153, 154, 199, 200, 255, 256, 290, 291, 322, 323], "summary": {"covered_lines": 25, "num_statements": 64, "percent_covered": 39.0625, "percent_covered_display": "39", "missing_lines": 39, "excluded_lines": 0, "percent_statements_covered": 39.0625, "percent_statements_covered_display": "39"}, "missing_lines": [35, 51, 75, 76, 77, 80, 100, 125, 126, 127, 128, 146, 147, 174, 175, 176, 181, 222, 223, 224, 225, 230, 248, 249, 274, 275, 276, 277, 282, 283, 284, 309, 310, 319, 345, 346, 347, 348, 353], "excluded_lines": [], "start_line": 1}}}, "app/routers/environments.py": {"executed_lines": [3, 5, 6, 8, 9, 18, 20, 25, 39, 40, 61, 62, 79, 80, 107, 108, 131, 132, 153, 158, 182, 183, 206, 207, 228, 233, 255, 256], "summary": {"covered_lines": 28, "num_statements": 54, "percent_covered": 51.851851851851855, "percent_covered_display": "52", "missing_lines": 26, "excluded_lines": 0, "percent_statements_covered": 51.851851851851855, "percent_statements_covered_display": "52"}, "missing_lines": [34, 57, 58, 75, 76, 98, 99, 100, 104, 121, 122, 123, 149, 150, 173, 179, 196, 197, 198, 224, 225, 246, 252, 269, 270, 271], "excluded_lines": [], "functions": {"get_environment_service": {"executed_lines": [], "summary": {"covered_lines": 0, "num_statements": 1, "percent_covered": 0.0, "percent_covered_display": "0", "missing_lines": 1, "excluded_lines": 0, "percent_statements_covered": 0.0, "percent_statements_covered_display": "0"}, "missing_lines": [34], "excluded_lines": [], "start_line": 25}, "list_environments": {"executed_lines": [], "summary": {"covered_lines": 0, "num_statements": 2, "percent_covered": 0.0, "percent_covered_display": "0", "missing_lines": 2, "excluded_lines": 0, "percent_statements_covered": 0.0, "percent_statements_covered_display": "0"}, "missing_lines": [57, 58], "excluded_lines": [], "start_line": 40}, "create_environment": {"executed_lines": [], "summary": {"covered_lines": 0, "num_statements": 2, "percent_covered": 0.0, "percent_covered_display": "0", "missing_lines": 2, "excluded_lines": 0, "percent_statements_covered": 0.0, "percent_statements_covered_display": "0"}, "missing_lines": [75, 76], "excluded_lines": [], "start_line": 62}, "update_environment": {"executed_lines": [], "summary": {"covered_lines": 0, "num_statements": 4, "percent_covered": 0.0, "percent_covered_display": "0", "missing_lines": 4, "excluded_lines": 0, "percent_statements_covered": 0.0, "percent_statements_covered_display": "0"}, "missing_lines": [98, 99, 100, 104], "excluded_lines": [], "start_line": 80}, "delete_environment": {"executed_lines": [], "summary": {"covered_lines": 0, "num_statements": 3, "percent_covered": 0.0, "percent_covered_display": "0", "missing_lines": 3, "excluded_lines": 0, "percent_statements_covered": 0.0, "percent_statements_covered_display": "0"}, "missing_lines": [121, 122, 123], "excluded_lines": [], "start_line": 108}, "list_env_variables": {"executed_lines": [], "summary": {"covered_lines": 0, "num_statements": 2, "percent_covered": 0.0, "percent_covered_display": "0", "missing_lines": 2, "excluded_lines": 0, "percent_statements_covered": 0.0, "percent_statements_covered_display": "0"}, "missing_lines": [149, 150], "excluded_lines": [], "start_line": 132}, "create_env_variable": {"executed_lines": [], "summary": {"covered_lines": 0, "num_statements": 2, "percent_covered": 0.0, "percent_covered_display": "0", "missing_lines": 2, "excluded_lines": 0, "percent_statements_covered": 0.0, "percent_statements_covered_display": "0"}, "missing_lines": [173, 179], "excluded_lines": [], "start_line": 158}, "delete_env_variable": {"executed_lines": [], "summary": {"covered_lines": 0, "num_statements": 3, "percent_covered": 0.0, "percent_covered_display": "0", "missing_lines": 3, "excluded_lines": 0, "percent_statements_covered": 0.0, "percent_statements_covered_display": "0"}, "missing_lines": [196, 197, 198], "excluded_lines": [], "start_line": 183}, "list_global_variables": {"executed_lines": [], "summary": {"covered_lines": 0, "num_statements": 2, "percent_covered": 0.0, "percent_covered_display": "0", "missing_lines": 2, "excluded_lines": 0, "percent_statements_covered": 0.0, "percent_statements_covered_display": "0"}, "missing_lines": [224, 225], "excluded_lines": [], "start_line": 207}, "create_global_variable": {"executed_lines": [], "summary": {"covered_lines": 0, "num_statements": 2, "percent_covered": 0.0, "percent_covered_display": "0", "missing_lines": 2, "excluded_lines": 0, "percent_statements_covered": 0.0, "percent_statements_covered_display": "0"}, "missing_lines": [246, 252], "excluded_lines": [], "start_line": 233}, "delete_global_variable": {"executed_lines": [], "summary": {"covered_lines": 0, "num_statements": 3, "percent_covered": 0.0, "percent_covered_display": "0", "missing_lines": 3, "excluded_lines": 0, "percent_statements_covered": 0.0, "percent_statements_covered_display": "0"}, "missing_lines": [269, 270, 271], "excluded_lines": [], "start_line": 256}, "": {"executed_lines": [3, 5, 6, 8, 9, 18, 20, 25, 39, 40, 61, 62, 79, 80, 107, 108, 131, 132, 153, 158, 182, 183, 206, 207, 228, 233, 255, 256], "summary": {"covered_lines": 28, "num_statements": 28, "percent_covered": 100.0, "percent_covered_display": "100", "missing_lines": 0, "excluded_lines": 0, "percent_statements_covered": 100.0, "percent_statements_covered_display": "100"}, "missing_lines": [], "excluded_lines": [], "start_line": 1}}, "classes": {"": {"executed_lines": [3, 5, 6, 8, 9, 18, 20, 25, 39, 40, 61, 62, 79, 80, 107, 108, 131, 132, 153, 158, 182, 183, 206, 207, 228, 233, 255, 256], "summary": {"covered_lines": 28, "num_statements": 54, "percent_covered": 51.851851851851855, "percent_covered_display": "52", "missing_lines": 26, "excluded_lines": 0, "percent_statements_covered": 51.851851851851855, "percent_statements_covered_display": "52"}, "missing_lines": [34, 57, 58, 75, 76, 98, 99, 100, 104, 121, 122, 123, 149, 150, 173, 179, 196, 197, 198, 224, 225, 246, 252, 269, 270, 271], "excluded_lines": [], "start_line": 1}}}, "app/routers/global_params.py": {"executed_lines": [3, 5, 6, 8, 9, 10, 11, 20, 22, 25, 36, 39, 40, 61, 62, 70, 85, 88, 89, 102, 105, 106, 122, 125, 126, 164, 165, 203, 204, 255, 256, 290, 291, 308, 309, 313], "summary": {"covered_lines": 36, "num_statements": 65, "percent_covered": 55.38461538461539, "percent_covered_display": "55", "missing_lines": 29, "excluded_lines": 0, "percent_statements_covered": 55.38461538461539, "percent_statements_covered_display": "55"}, "missing_lines": [107, 144, 145, 146, 157, 158, 183, 184, 185, 190, 224, 225, 226, 227, 232, 243, 244, 245, 249, 271, 272, 273, 274, 278, 279, 280, 284, 320, 321], "excluded_lines": [], "functions": {"get_global_param_service": {"executed_lines": [36], "summary": {"covered_lines": 1, "num_statements": 1, "percent_co
[...]
"percent_covered_display": "100", "missing_lines": 0, "excluded_lines": 0, "percent_statements_covered": 100.0, "percent_statements_covered_display": "100"}, "missing_lines": [], "excluded_lines": [], "start_line": 1}}, "classes": {"TestPlanService": {"executed_lines": [23, 44, 47, 49, 50, 53, 54, 55, 58, 62, 63, 65, 66, 68, 79, 87, 138, 144, 145, 148, 154, 155, 158, 163, 239, 245, 249, 254, 255, 256, 258, 304, 310, 312, 315, 316, 317], "summary": {"covered_lines": 37, "num_statements": 81, "percent_covered": 45.67901234567901, "percent_covered_display": "46", "missing_lines": 44, "excluded_lines": 0, "percent_statements_covered": 45.67901234567901, "percent_statements_covered_display": "46"}, "missing_lines": [48, 98, 106, 108, 110, 116, 120, 180, 181, 182, 185, 186, 193, 194, 197, 198, 199, 201, 202, 203, 214, 215, 216, 218, 219, 220, 246, 272, 273, 274, 275, 277, 283, 285, 286, 287, 289, 290, 313, 328, 335, 336, 337, 344], "excluded_lines": [], "start_line": 14}, "": {"executed_lines": [3, 4, 5, 6, 8, 9, 10, 11, 14, 17, 25, 70, 89, 122, 165, 205, 222, 260, 292, 319], "summary": {"covered_lines": 20, "num_statements": 20, "percent_covered": 100.0, "percent_covered_display": "100", "missing_lines": 0, "excluded_lines": 0, "percent_statements_covered": 100.0, "percent_statements_covered_display": "100"}, "missing_lines": [], "excluded_lines": [], "start_line": 1}}}, "app/services/upload_service.py": {"executed_lines": [3, 4, 5, 7, 8, 10, 13, 16, 27, 35, 83, 99], "summary": {"covered_lines": 12, "num_statements": 40, "percent_covered": 30.0, "percent_covered_display": "30", "missing_lines": 28, "excluded_lines": 0, "percent_statements_covered": 30.0, "percent_statements_covered_display": "30"}, "missing_lines": [18, 24, 25, 29, 30, 31, 32, 33, 52, 53, 54, 56, 58, 67, 73, 80, 81, 92, 93, 94, 95, 96, 97, 109, 110, 115, 116, 117], "excluded_lines": [], "functions": {"UploadService.__init__": {"executed_lines": [], "summary": {"covered_lines": 0, "num_statements": 3, "percent_covered": 0.0, "percent_covered_display": "0", "missing_lines": 3, "excluded_lines": 0, "percent_statements_covered": 0.0, "percent_statements_covered_display": "0"}, "missing_lines": [18, 24, 25], "excluded_lines": [], "start_line": 16}, "UploadService._ensure_bucket_exists": {"executed_lines": [], "summary": {"covered_lines": 0, "num_statements": 5, "percent_covered": 0.0, "percent_covered_display": "0", "missing_lines": 5, "excluded_lines": 0, "percent_statements_covered": 0.0, "percent_statements_covered_display": "0"}, "missing_lines": [29, 30, 31, 32, 33], "excluded_lines": [], "start_line": 27}, "UploadService.upload_file": {"executed_lines": [], "summary": {"covered_lines": 0, "num_statements": 9, "percent_covered": 0.0, "percent_covered_display": "0", "missing_lines": 9, "excluded_lines": 0, "percent_statements_covered": 0.0, "percent_statements_covered_display": "0"}, "missing_lines": [52, 53, 54, 56, 58, 67, 73, 80, 81], "excluded_lines": [], "start_line": 35}, "UploadService.delete_file": {"executed_lines": [], "summary": {"covered_lines": 0, "num_statements": 6, "percent_covered": 0.0, "percent_covered_display": "0", "missing_lines": 6, "excluded_lines": 0, "percent_statements_covered": 0.0, "percent_statements_covered_display": "0"}, "missing_lines": [92, 93, 94, 95, 96, 97], "excluded_lines": [], "start_line": 83}, "UploadService.get_file_url": {"executed_lines": [], "summary": {"covered_lines": 0, "num_statements": 5, "percent_covered": 0.0, "percent_covered_display": "0", "missing_lines": 5, "excluded_lines": 0, "percent_statements_covered": 0.0, "percent_statements_covered_display": "0"}, "missing_lines": [109, 110, 115, 116, 117], "excluded_lines": [], "start_line": 99}, "": {"executed_lines": [3, 4, 5, 7, 8, 10, 13, 16, 27, 35, 83, 99], "summary": {"covered_lines": 12, "num_statements": 12, "percent_covered": 100.0, "percent_covered_display": "100", "missing_lines": 0, "excluded_lines": 0, "percent_statements_covered": 100.0, "percent_statements_covered_display": "100"}, "missing_lines": [], "excluded_lines": [], "start_line": 1}}, "classes": {"UploadService": {"executed_lines": [], "summary": {"covered_lines": 0, "num_statements": 28, "percent_covered": 0.0, "percent_covered_display": "0", "missing_lines": 28, "excluded_lines": 0, "percent_statements_covered": 0.0, "percent_statements_covered_display": "0"}, "missing_lines": [18, 24, 25, 29, 30, 31, 32, 33, 52, 53, 54, 56, 58, 67, 73, 80, 81, 92, 93, 94, 95, 96, 97, 109, 110, 115, 116, 117], "excluded_lines": [], "start_line": 13}, "": {"executed_lines": [3, 4, 5, 7, 8, 10, 13, 16, 27, 35, 83, 99], "summary": {"covered_lines": 12, "num_statements": 12, "percent_covered": 100.0, "percent_covered_display": "100", "missing_lines": 0, "excluded_lines": 0, "percent_statements_covered": 100.0, "percent_statements_covered_display": "100"}, "missing_lines": [], "excluded_lines": [], "start_line": 1}}}, "app/utils/__init__.py": {"executed_lines": [], "summary": {"covered_lines": 0, "num_statements": 0, "percent_covered": 100.0, "percent_covered_display": "100", "missing_lines": 0, "excluded_lines": 0, "percent_statements_covered": 100.0, "percent_statements_covered_display": "100"}, "missing_lines": [], "excluded_lines": [], "functions": {"": {"executed_lines": [], "summary": {"covered_lines": 0, "num_statements": 0, "percent_covered": 100.0, "percent_covered_display": "100", "missing_lines": 0, "excluded_lines": 0, "percent_statements_covered": 100.0, "percent_statements_covered_display": "100"}, "missing_lines": [], "excluded_lines": [], "start_line": 1}}, "classes": {"": {"executed_lines": [], "summary": {"covered_lines": 0, "num_statements": 0, "percent_covered": 100.0, "percent_covered_display": "100", "missing_lines": 0, "excluded_lines": 0, "percent_statements_covered": 100.0, "percent_statements_covered_display": "100"}, "missing_lines": [], "excluded_lines": [], "start_line": 1}}}, "app/utils/docstring_parser.py": {"executed_lines": [3, 4, 5, 8, 28, 35, 37, 40, 41, 42, 43, 44, 46, 47, 48, 50, 53, 56, 57, 60, 63, 64, 70, 72, 73, 77, 80, 91, 94, 95, 97, 98, 100, 101, 102, 103, 104, 108, 109, 110, 112, 114, 115, 117, 118, 121, 122, 123, 124, 126, 127, 131, 132, 135, 136, 137, 139, 140, 142, 148, 151, 161, 162, 163, 166, 167, 170, 179, 181, 183, 186, 189, 190, 191, 192, 195, 196, 197, 198, 199, 202, 204, 207, 208, 210, 213, 222, 224, 225, 240, 249, 250, 251], "summary": {"covered_lines": 93, "num_statements": 128, "percent_covered": 72.65625, "percent_covered_display": "73", "missing_lines": 35, "excluded_lines": 0, "percent_statements_covered": 72.65625, "percent_statements_covered_display": "73"}, "missing_lines": [74, 75, 128, 143, 144, 145, 146, 184, 228, 229, 230, 231, 232, 233, 235, 236, 237, 254, 255, 256, 257, 258, 259, 260, 261, 262, 263, 264, 265, 266, 267, 268, 270, 271, 272], "excluded_lines": [], "functions": {"parse_docstring": {"executed_lines": [28, 35, 37, 40, 41, 42, 43, 44, 46, 47, 48, 50, 53, 56, 57, 60, 63, 64, 70, 72, 73, 77], "summary": {"covered_lines": 22, "num_statements": 24, "percent_covered": 91.66666666666667, "percent_covered_display": "92", "missing_lines": 2, "excluded_lines": 0, "percent_statements_covered": 91.66666666666667, "percent_statements_covered_display": "92"}, "missing_lines": [74, 75], "excluded_lines": [], "start_line": 8}, "_parse_docstring_params": {"executed_lines": [91, 94, 95, 97, 98, 100, 101, 102, 103, 104, 108, 109, 110, 112, 114, 115, 117, 118, 121, 122, 123, 124, 126, 127, 131, 132, 135, 136, 137, 139, 140, 142, 148], "summary": {"covered_lines": 33, "num_statements": 38, "percent_covered": 86.84210526315789, "percent_covered_display": "87", "missing_lines": 5, "excluded_lines": 0, "percent_statements_covered": 86.84210526315789, "percent_statements_covered_display": "87"}, "missing_lines": [128, 143, 144, 145, 146], "excluded_lines": [], "start_line": 80}, "_extract_function_description": {"executed_lines": [161, 162, 163, 166, 167], "summary": {"covered_lines": 5, "num_statements": 5, "percent_covered": 100.0, "percent_covered_display": "100", "missing_lines": 0, "excluded_lines": 0, "percent_statements_covered": 100.0, "percent_statements_covered_display": "100"}, "missing_lines": [], "excluded_lines": [], "start_line": 151}, "_extract_signature_params": {"executed_lines": [179, 181, 183, 186, 189, 190, 191, 192, 195, 196, 197, 198, 199, 202, 204, 207, 208, 210], "summary": {"covered_lines": 18, "num_statements": 19, "percent_covered": 94.73684210526316, "percent_covered_display": "95", "missing_lines": 1, "excluded_lines": 0, "percent_statements_covered": 94.73684210526316, "percent_statements_covered_display": "95"}, "missing_lines": [184], "excluded_lines": [], "start_line": 170}, "_unparse_type": {"executed_lines": [222, 224, 225], "summary": {"covered_lines": 3, "num_statements": 12, "percent_covered": 25.0, "percent_covered_display": "25", "missing_lines": 9, "excluded_lines": 0, "percent_statements_covered": 25.0, "percent_statements_covered_display": "25"}, "missing_lines": [228, 229, 230, 231, 232, 233, 235, 236, 237], "excluded_lines": [], "start_line": 213}, "_unparse_ast": {"executed_lines": [249, 250, 251], "summary": {"covered_lines": 3, "num_statements": 21, "percent_covered": 14.285714285714286, "percent_covered_display": "14", "missing_lines": 18, "excluded_lines": 0, "percent_statements_covered": 14.285714285714286, "percent_statements_covered_display": "14"}, "missing_lines": [254, 255, 256, 257, 258, 259, 260, 261, 262, 263, 264, 265, 266, 267, 268, 270, 271, 272], "excluded_lines": [], "start_line": 240}, "": {"executed_lines": [3, 4, 5, 8, 80, 151, 170, 213, 240], "summary": {"covered_lines": 9, "num_statements": 9, "percent_covered": 100.0, "percent_covered_display": "100", "missing_lines": 0, "excluded_lines": 0, "percent_statements_covered": 100.0, "percent_statements_covered_display": "100"}, "missing_lines": [], "excluded_lines": [], "start_line": 1}}, "classes": {"": {"executed_lines": [3, 4, 5, 8, 28, 35, 37, 40, 41, 42, 43, 44, 46, 47, 48, 50, 53, 56, 57, 60, 63, 64, 70, 72, 73, 77, 80, 91, 94, 95, 97, 98, 100, 101, 102, 103, 104, 108, 109, 110, 112, 114, 115, 117, 118, 121, 122, 123, 124, 126, 127, 131, 132, 135, 136, 137, 139, 140, 142, 148, 151, 161, 162, 163, 166, 167, 170, 179, 181, 183, 186, 189, 190, 191, 192, 195, 196, 197, 198, 199, 202, 204, 207, 208, 210, 213, 222, 224, 225, 240, 249, 250, 251], "summary": {"covered_lines": 93, "num_statements": 128, "percent_covered": 72.65625, "percent_covered_display": "73", "missing_lines": 35, "excluded_lines": 0, "percent_statements_covered": 72.65625, "percent_statements_covered_display": "73"}, "missing_lines": [74, 75, 128, 143, 144, 145, 146, 184, 228, 229, 230, 231, 232, 233, 235, 236, 237, 254, 255, 256, 257, 258, 259, 260, 261, 262, 263, 264, 265, 266, 267, 268, 270, 271, 272], "excluded_lines": [], "start_line": 1}}}, "app/utils/function_executor.py": {"executed_lines": [3, 4, 5, 6, 7, 8, 9, 12, 19, 49, 55, 57, 70, 79, 81, 84, 86, 90, 97, 120, 123, 137, 149, 162, 163, 165, 166, 169, 173, 175, 177, 179, 181, 183, 185, 186, 193, 205, 217, 226, 235, 247, 259, 273, 287], "summary": {"covered_lines": 45, "num_statements": 74, "percent_covered": 60.810810810810814, "percent_covered_display": "61", "missing_lines": 29, "excluded_lines": 0, "percent_statements_covered": 60.810810810810814, "percent_statements_covered_display": "61"}, "missing_lines": [66, 67, 68, 87, 91, 92, 93, 94, 116, 118, 121, 138, 140, 142, 143, 144, 146, 147, 170, 178, 188, 189, 202, 214, 223, 232, 244, 256, 269], "excluded_lines": [], "functions": {"FunctionExecutor.__init__": {"executed_lines": [55], "summary": {"covered_lines": 1, "num_statements": 1, "percent_covered": 100.0, "percent_covered_display": "100", "missing_lines": 0, "excluded_lines": 0, "percent_statements_covered": 100.0, "percent_statements_covered_display": "100"}, "missing_lines": [], "excluded_lines": [], "start_line": 49}, "FunctionExecutor.extract_function_calls": {"executed_lines": [], "summary": {"covered_lines": 0, "num_statements": 3, "percent_covered": 0.0, "percent_covered_display": "0", "missing_lines": 3, "excluded_lines": 0, "percent_statements_covered": 0.0, "percent_statements_covered_display": "0"}, "missing_lines": [66, 67, 68], "excluded_lines": [], "start_line": 57}, "FunctionExecutor.validate_function_call": {"executed_lines": [79, 81, 84, 86, 90, 97, 120], "summary": {"covered_lines": 7, "num_statements": 15, "percent_covered": 46.666666666666664, "percent_covered_display": "47", "missing_lines": 8, "excluded_lines": 0, "percent_statements_covered": 46.666666666666664, "percent_statements_covered_display": "47"}, "missing_lines": [87, 91, 92, 93, 94, 116, 118, 121], "excluded_lines": [], "start_line": 70}, "FunctionExecutor.execute_function": {"executed_lines": [137], "summary": {"covered_lines": 1, "num_statements": 8, "percent_covered": 12.5, "percent_covered_display": "12", "missing_lines": 7, "excluded_lines": 0, "percent_statements_covered": 12.5, "percent_statements_covered_display": "12"}, "missing_lines": [138, 140, 142, 143, 144, 146, 147], "excluded_lines": [], "start_line": 123}, "FunctionExecutor.parse_text": {"executed_lines": [162, 163, 165, 183, 185, 186], "summary": {"covered_lines": 6, "num_statements": 8, "percent_covered": 75.0, "percent_covered_display": "75", "missing_lines": 2, "excluded_lines": 0, "percent_statements_covered": 75.0, "percent_statements_covered_display": "75"}, "missing_lines": [188, 189], "excluded_lines": [], "start_line": 149}, "FunctionExecutor.parse_text.replace_func": {"executed_lines": [166, 169, 173, 175, 177, 179, 181], "summary": {"covered_lines": 7, "num_statements": 9, "percent_covered": 77.77777777777777, "percent_covered_display": "78", "missing_lines": 2, "excluded_lines": 0, "percent_statements_covered": 77.77777777777777, "percent_statements_covered_display": "78"}, "missing_lines": [170, 178], "excluded_lines": [], "start_line": 165}, "to_uppercase": {"executed_lines": [], "summary": {"covered_lines": 0, "num_statements": 1, "percent_covered": 0.0, "percent_covered_display": "0", "missing_lines": 1, "excluded_lines": 0, "percent_statements_covered": 0.0, "percent_statements_covered_display": "0"}, "missing_lines": [202], "excluded_lines": [], "start_line": 193}, "to_lowercase": {"executed_lines": [], "summary": {"covered_lines": 0, "num_statements": 1, "percent_covered": 0.0, "percent_covered_display": "0", "missing_lines": 1, "excluded_lines": 0, "percent_statements_covered": 0.0, "percent_statements_covered_display": "0"}, "missing_lines": [214], "excluded_lines": [], "start_line": 205}, "current_time": {"executed_lines": [], "summary": {"covered_lines": 0, "num_statements": 1, "percent_covered": 0.0, "percent_covered_display": "0", "missing_lines": 1, "excluded_lines": 0, "percent_statements_covered": 0.0, "percent_statements_covered_display": "0"}, "missing_lines": [223], "excluded_lines": [], "start_line": 217}, "current_timestamp": {"executed_lines": [], "summary": {"covered_lines": 0, "num_statements": 1, "percent_covered": 0.0, "percent_covered_display": "0", "missing_lines": 1, "excluded_lines": 0, "percent_statements_covered": 0.0, "percent_statements_covered_display": "0"}, "missing_lines": [232], "excluded_lines": [], "start_line": 226}, "timestamp_to_date": {"executed_lines": [], "summary": {"covered_lines": 0, "num_statements": 1, "percent_covered": 0.0, "percent_covered_display": "0", "missing_lines": 1, "excluded_lines": 0, "percent_statements_covered": 0.0, "percent_statements_covered_display": "0"}, "missing_lines": [244], "excluded_lines": [], "start_line": 235}, "random_string": {"executed_lines": [], "summary": {"covered_lines": 0, "num_statements": 1, "percent_covered": 0.0, "percent_covered_display": "0", "missing_lines": 1, "excluded_lines": 0, "percent_statements_covered": 0.0, "percent_statements_covered_display": "0"}, "missing_lines": [256], "excluded_lines": [], "start_line": 247}, "random_number": {"executed_lines": [], "summary": {"covered_lines": 0, "num_statements": 1, "percent_covered": 0.0, "percent_covered_display": "0", "missing_lines": 1, "excluded_lines": 0, "percent_statements_covered": 0.0, "percent_statements_covered_display": "0"}, "missing_lines": [269], "excluded_lines": [], "start_line": 259}, "": {"executed_lines": [3, 4, 5, 6, 7, 8, 9, 12, 19, 49, 57, 70, 123, 149, 193, 205, 217, 226, 235, 247, 259, 273, 287], "summary": {"covered_lines": 23, "num_statements": 23, "percent_covered": 100.0, "percent_covered_display": "100", "missing_lines": 0, "excluded_lines": 0, "percent_statements_covered": 100.0, "percent_statements_covered_display": "100"}, "missing_lines": [], "excluded_lines": [], "start_line": 1}}, "classes": {"FunctionExecutor": {"executed_lines": [55, 79, 81, 84, 86, 90, 97, 120, 137, 162, 163, 165, 166, 169, 173, 175, 177, 179, 181, 183, 185, 186], "summary": {"covered_lines": 22, "num_statements": 44, "percent_covered": 50.0, "percent_covered_display": "50", "missing_lines": 22, "excluded_lines": 0, "percent_statements_covered": 50.0, "percent_statements_covered_display": "50"}, "missing_lines": [66, 67, 68, 87, 91, 92, 93, 94, 116, 118, 121, 138, 140, 142, 143, 144, 146, 147, 170, 178, 188, 189], "excluded_lines": [], "start_line": 12}, "": {"executed_lines": [3, 4, 5, 6, 7, 8, 9, 12, 19, 49, 57, 70, 123, 149, 193, 205, 217, 226, 235, 247, 259, 273, 287], "summary": {"covered_lines": 23, "num_statements": 30, "percent_covered": 76.66666666666667, "percent_covered_display": "77", "missing_lines": 7, "excluded_lines": 0, "percent_statements_covered": 76.66666666666667, "percent_statements_covered_display": "77"}, "missing_lines": [202, 214, 223, 232, 244, 256, 269], "excluded_lines": [], "start_line": 1}}}, "app/utils/password.py": {"executed_lines": [3, 6, 17, 18, 22, 23, 24, 27, 38, 39, 42, 45, 46], "summary": {"covered_lines": 13, "num_statements": 17, "percent_covered": 76.47058823529412, "percent_covered_display": "76", "missing_lines": 4, "excluded_lines": 0, "percent_statements_covered": 76.47058823529412, "percent_statements_covered_display": "76"}, "missing_lines": [19, 43, 47, 48], "excluded_lines": [], "functions": {"hash_password": {"executed_lines": [17, 18, 22, 23, 24], "summary": {"covered_lines": 5, "num_statements": 6, "percent_covered": 83.33333333333333, "percent_covered_display": "83", "missing_lines": 1, "excluded_lines": 0, "percent_statements_covered": 83.33333333333333, "percent_statements_covered_display": "83"}, "missing_lines": [19], "excluded_lines": [], "start_line": 6}, "verify_password": {"executed_lines": [38, 39, 42, 45, 46], "summary": {"covered_lines": 5, "num_statements": 8, "percent_covered": 62.5, "percent_covered_display": "62", "missing_lines": 3, "excluded_lines": 0, "percent_statements_covered": 62.5, "percent_statements_covered_display": "62"}, "missing_lines": [43, 47, 48], "excluded_lines": [], "start_line": 27}, "": {"executed_lines": [3, 6, 27], "summary": {"covered_lines": 3, "num_statements": 3, "percent_covered": 100.0, "percent_covered_display": "100", "missing_lines": 0, "excluded_lines": 0, "percent_statements_covered": 100.0, "percent_statements_covered_display": "100"}, "missing_lines": [], "excluded_lines": [], "start_line": 1}}, "classes": {"": {"executed_lines": [3, 6, 17, 18, 22, 23, 24, 27, 38, 39, 42, 45, 46], "summary": {"covered_lines": 13, "num_statements": 17, "percent_covered": 76.47058823529412, "percent_covered_display": "76", "missing_lines": 4, "excluded_lines": 0, "percent_statements_covered": 76.47058823529412, "percent_statements_covered_display": "76"}, "missing_lines": [19, 43, 47, 48], "excluded_lines": [], "start_line": 1}}}}, "totals": {"covered_lines": 2025, "num_statements": 3335, "percent_covered": 60.719640179910044, "percent_covered_display": "61", "missing_lines": 1310, "excluded_lines": 0, "percent_statements_covered": 60.719640179910044, "percent_statements_covered_display": "61"}}